;  LST file generated by mikroListExporter - v.2.0 
; Date/Time: 17/06/2021 20:22:18
;----------------------------------------------

;Address Opcode 	ASM
0x0000	0x2C47      	GOTO       1095
_Delay_Cyc:
;__Lib_Delays.c,65 :: 		void Delay_Cyc(char cycles_div_by_10)  { // Cycles_div_by_10: min 3, max 255
;__Lib_Delays.c,67 :: 		--cycles_div_by_10;
0x0003	0x1283      	BCF        STATUS, 5
0x0004	0x1303      	BCF        STATUS, 6
0x0005	0x03BC      	DECF       FARG_Delay_Cyc_cycles_div_by_10, 1
;__Lib_Delays.c,68 :: 		--cycles_div_by_10;
0x0006	0x03BC      	DECF       FARG_Delay_Cyc_cycles_div_by_10, 1
;__Lib_Delays.c,69 :: 		while (cycles_div_by_10 > 0) {
L_Delay_Cyc13:
0x0007	0x083C      	MOVF       FARG_Delay_Cyc_cycles_div_by_10, 0
0x0008	0x3C00      	SUBLW      0
0x0009	0x1803      	BTFSC      STATUS, 0
0x000A	0x2810      	GOTO       L_Delay_Cyc14
;__Lib_Delays.c,70 :: 		--cycles_div_by_10;
0x000B	0x03BC      	DECF       FARG_Delay_Cyc_cycles_div_by_10, 1
;__Lib_Delays.c,71 :: 		asm nop;
0x000C	0x0000      	NOP
;__Lib_Delays.c,72 :: 		asm nop;
0x000D	0x0000      	NOP
;__Lib_Delays.c,73 :: 		asm nop;
0x000E	0x0000      	NOP
;__Lib_Delays.c,74 :: 		}
0x000F	0x2807      	GOTO       L_Delay_Cyc13
L_Delay_Cyc14:
;__Lib_Delays.c,75 :: 		asm nop;
0x0010	0x0000      	NOP
;__Lib_Delays.c,76 :: 		asm nop;
0x0011	0x0000      	NOP
;__Lib_Delays.c,77 :: 		asm nop;
0x0012	0x0000      	NOP
;__Lib_Delays.c,78 :: 		asm nop;
0x0013	0x0000      	NOP
;__Lib_Delays.c,79 :: 		asm nop;
0x0014	0x0000      	NOP
;__Lib_Delays.c,80 :: 		}
L_end_Delay_Cyc:
0x0015	0x0008      	RETURN
; end of _Delay_Cyc
_Div_16X16_U:
;__Lib_Math.c,215 :: 		
;__Lib_Math.c,222 :: 		
0x0016	0x1283      	BCF        STATUS, 5
;__Lib_Math.c,223 :: 		
0x0017	0x1303      	BCF        STATUS, 6
;__Lib_Math.c,224 :: 		
0x0018	0x01F8      	CLRF       R8
;__Lib_Math.c,225 :: 		
0x0019	0x01F9      	CLRF       R9
;__Lib_Math.c,226 :: 		
0x001A	0x3010      	MOVLW      16
;__Lib_Math.c,227 :: 		
0x001B	0x00FC      	MOVWF      R12
;__Lib_Math.c,228 :: 		
0x001C	0x0D71      	RLF        R1, 0
;__Lib_Math.c,229 :: 		
0x001D	0x0DF8      	RLF        R8, 1
;__Lib_Math.c,230 :: 		
0x001E	0x0DF9      	RLF        R9, 1
;__Lib_Math.c,231 :: 		
0x001F	0x0874      	MOVF       R4, 0
;__Lib_Math.c,232 :: 		
0x0020	0x02F8      	SUBWF      R8, 1
;__Lib_Math.c,233 :: 		
0x0021	0x0875      	MOVF       R5, 0
;__Lib_Math.c,234 :: 		
0x0022	0x1C03      	BTFSS      STATUS, 0
;__Lib_Math.c,235 :: 		
0x0023	0x0F75      	INCFSZ     R5, 0
;__Lib_Math.c,236 :: 		
0x0024	0x02F9      	SUBWF      R9, 1
;__Lib_Math.c,237 :: 		
0x0025	0x1803      	BTFSC      STATUS, 0
;__Lib_Math.c,238 :: 		
0x0026	0x282E      	GOTO       $+8
;__Lib_Math.c,239 :: 		
0x0027	0x0874      	MOVF       R4, 0
;__Lib_Math.c,240 :: 		
0x0028	0x07F8      	ADDWF      R8, 1
;__Lib_Math.c,241 :: 		
0x0029	0x0875      	MOVF       R5, 0
;__Lib_Math.c,242 :: 		
0x002A	0x1803      	BTFSC      STATUS, 0
;__Lib_Math.c,243 :: 		
0x002B	0x0F75      	INCFSZ     R5, 0
;__Lib_Math.c,244 :: 		
0x002C	0x07F9      	ADDWF      R9, 1
;__Lib_Math.c,245 :: 		
0x002D	0x1003      	BCF        STATUS, 0
;__Lib_Math.c,246 :: 		
0x002E	0x0DF0      	RLF        R0, 1
;__Lib_Math.c,247 :: 		
0x002F	0x0DF1      	RLF        R1, 1
;__Lib_Math.c,248 :: 		
0x0030	0x0BFC      	DECFSZ     R12, 1
;__Lib_Math.c,249 :: 		
0x0031	0x281C      	GOTO       $-21
;__Lib_Math.c,251 :: 		
L_end_Div_16X16_U:
0x0032	0x0008      	RETURN
; end of _Div_16X16_U
_Div_32x32_U:
;__Lib_Math.c,1318 :: 		
;__Lib_Math.c,1327 :: 		
;__Lib_Math.c,1329 :: 		
0x0033	0x1283      	BCF        STATUS, 5
;__Lib_Math.c,1330 :: 		
0x0034	0x1303      	BCF        STATUS, 6
;__Lib_Math.c,1331 :: 		
0x0035	0x01FB      	CLRF       R11
;__Lib_Math.c,1332 :: 		
0x0036	0x01FA      	CLRF       R10
;__Lib_Math.c,1333 :: 		
0x0037	0x01F9      	CLRF       R9
;__Lib_Math.c,1334 :: 		
0x0038	0x01F8      	CLRF       R8
;__Lib_Math.c,1336 :: 		
0x0039	0x01A0      	CLRF       ___math_tempb
;__Lib_Math.c,1338 :: 		
0x003A	0x0D73      	RLF        R3, 0
;__Lib_Math.c,1339 :: 		
0x003B	0x0DF8      	RLF        R8, 1
;__Lib_Math.c,1340 :: 		
0x003C	0x0874      	MOVF       R4, 0
;__Lib_Math.c,1341 :: 		
0x003D	0x02F8      	SUBWF      R8, 1
;__Lib_Math.c,1342 :: 		
0x003E	0x0875      	MOVF       R5, 0
;__Lib_Math.c,1343 :: 		
0x003F	0x1C03      	BTFSS      STATUS, 0
;__Lib_Math.c,1344 :: 		
0x0040	0x0F75      	INCFSZ     R5, 0
;__Lib_Math.c,1345 :: 		
0x0041	0x02F9      	SUBWF      R9, 1
;__Lib_Math.c,1346 :: 		
0x0042	0x0876      	MOVF       R6, 0
;__Lib_Math.c,1347 :: 		
0x0043	0x1C03      	BTFSS      STATUS, 0
;__Lib_Math.c,1348 :: 		
0x0044	0x0F76      	INCFSZ     R6, 0
;__Lib_Math.c,1349 :: 		
0x0045	0x02FA      	SUBWF      R10, 1
;__Lib_Math.c,1350 :: 		
0x0046	0x0877      	MOVF       R7, 0
;__Lib_Math.c,1351 :: 		
0x0047	0x1C03      	BTFSS      STATUS, 0
;__Lib_Math.c,1352 :: 		
0x0048	0x0F77      	INCFSZ     R7, 0
;__Lib_Math.c,1353 :: 		
0x0049	0x02FB      	SUBWF      R11, 1
;__Lib_Math.c,1355 :: 		
0x004A	0x0100      	CLRW
;__Lib_Math.c,1356 :: 		
0x004B	0x1C03      	BTFSS      STATUS, 0
;__Lib_Math.c,1357 :: 		
0x004C	0x3001      	MOVLW      1
;__Lib_Math.c,1358 :: 		
0x004D	0x02A0      	SUBWF      ___math_tempb, 1
;__Lib_Math.c,1359 :: 		
0x004E	0x0DF3      	RLF        R3, 1
;__Lib_Math.c,1361 :: 		
0x004F	0x3007      	MOVLW      7
;__Lib_Math.c,1362 :: 		
0x0050	0x00FC      	MOVWF      R12
;__Lib_Math.c,1364 :: 		
LOOPU3232A:
;__Lib_Math.c,1365 :: 		
0x0051	0x0D73      	RLF        R3, 0
;__Lib_Math.c,1366 :: 		
0x0052	0x0DF8      	RLF        R8, 1
;__Lib_Math.c,1367 :: 		
0x0053	0x0DF9      	RLF        R9, 1
;__Lib_Math.c,1368 :: 		
0x0054	0x0DFA      	RLF        R10, 1
;__Lib_Math.c,1369 :: 		
0x0055	0x0DFB      	RLF        R11, 1
;__Lib_Math.c,1370 :: 		
0x0056	0x0DA0      	RLF        ___math_tempb, 1
;__Lib_Math.c,1371 :: 		
0x0057	0x0874      	MOVF       R4, 0
;__Lib_Math.c,1372 :: 		
0x0058	0x1C73      	BTFSS      R3, 0
;__Lib_Math.c,1373 :: 		
0x0059	0x286C      	GOTO       UADD22LA
;__Lib_Math.c,1375 :: 		
0x005A	0x02F8      	SUBWF      R8, 1
;__Lib_Math.c,1376 :: 		
0x005B	0x0875      	MOVF       R5, 0
;__Lib_Math.c,1377 :: 		
0x005C	0x1C03      	BTFSS      STATUS, 0
;__Lib_Math.c,1378 :: 		
0x005D	0x0F75      	INCFSZ     R5, 0
;__Lib_Math.c,1379 :: 		
0x005E	0x02F9      	SUBWF      R9, 1
;__Lib_Math.c,1380 :: 		
0x005F	0x0876      	MOVF       R6, 0
;__Lib_Math.c,1381 :: 		
0x0060	0x1C03      	BTFSS      STATUS, 0
;__Lib_Math.c,1382 :: 		
0x0061	0x0F76      	INCFSZ     R6, 0
;__Lib_Math.c,1383 :: 		
0x0062	0x02FA      	SUBWF      R10, 1
;__Lib_Math.c,1384 :: 		
0x0063	0x0877      	MOVF       R7, 0
;__Lib_Math.c,1385 :: 		
0x0064	0x1C03      	BTFSS      STATUS, 0
;__Lib_Math.c,1386 :: 		
0x0065	0x0F77      	INCFSZ     R7, 0
;__Lib_Math.c,1387 :: 		
0x0066	0x02FB      	SUBWF      R11, 1
;__Lib_Math.c,1388 :: 		
0x0067	0x0100      	CLRW
;__Lib_Math.c,1389 :: 		
0x0068	0x1C03      	BTFSS      STATUS, 0
;__Lib_Math.c,1390 :: 		
0x0069	0x3001      	MOVLW      1
;__Lib_Math.c,1391 :: 		
0x006A	0x02A0      	SUBWF      ___math_tempb, 1
;__Lib_Math.c,1392 :: 		
0x006B	0x287D      	GOTO       UOK22LA
;__Lib_Math.c,1394 :: 		
UADD22LA:
;__Lib_Math.c,1395 :: 		
0x006C	0x07F8      	ADDWF      R8, 1
;__Lib_Math.c,1396 :: 		
0x006D	0x0875      	MOVF       R5, 0
;__Lib_Math.c,1397 :: 		
0x006E	0x1803      	BTFSC      STATUS, 0
;__Lib_Math.c,1398 :: 		
0x006F	0x0F75      	INCFSZ     R5, 0
;__Lib_Math.c,1399 :: 		
0x0070	0x07F9      	ADDWF      R9, 1
;__Lib_Math.c,1400 :: 		
0x0071	0x0876      	MOVF       R6, 0
;__Lib_Math.c,1401 :: 		
0x0072	0x1803      	BTFSC      STATUS, 0
;__Lib_Math.c,1402 :: 		
0x0073	0x0F76      	INCFSZ     R6, 0
;__Lib_Math.c,1403 :: 		
0x0074	0x07FA      	ADDWF      R10, 1
;__Lib_Math.c,1404 :: 		
0x0075	0x0877      	MOVF       R7, 0
;__Lib_Math.c,1405 :: 		
0x0076	0x1803      	BTFSC      STATUS, 0
;__Lib_Math.c,1406 :: 		
0x0077	0x0F77      	INCFSZ     R7, 0
;__Lib_Math.c,1407 :: 		
0x0078	0x07FB      	ADDWF      R11, 1
;__Lib_Math.c,1408 :: 		
0x0079	0x0100      	CLRW
;__Lib_Math.c,1409 :: 		
0x007A	0x1803      	BTFSC      STATUS, 0
;__Lib_Math.c,1410 :: 		
0x007B	0x3001      	MOVLW      1
;__Lib_Math.c,1411 :: 		
0x007C	0x07A0      	ADDWF      ___math_tempb, 1
;__Lib_Math.c,1413 :: 		
UOK22LA:
;__Lib_Math.c,1414 :: 		
0x007D	0x0DF3      	RLF        R3, 1
;__Lib_Math.c,1416 :: 		
0x007E	0x0BFC      	DECFSZ     R12, 1
;__Lib_Math.c,1417 :: 		
0x007F	0x2851      	GOTO       LOOPU3232A
;__Lib_Math.c,1419 :: 		
0x0080	0x0D72      	RLF        R2, 0
;__Lib_Math.c,1420 :: 		
0x0081	0x0DF8      	RLF        R8, 1
;__Lib_Math.c,1421 :: 		
0x0082	0x0DF9      	RLF        R9, 1
;__Lib_Math.c,1422 :: 		
0x0083	0x0DFA      	RLF        R10, 1
;__Lib_Math.c,1423 :: 		
0x0084	0x0DFB      	RLF        R11, 1
;__Lib_Math.c,1424 :: 		
0x0085	0x0DA0      	RLF        ___math_tempb, 1
;__Lib_Math.c,1425 :: 		
0x0086	0x0874      	MOVF       R4, 0
;__Lib_Math.c,1426 :: 		
0x0087	0x1C73      	BTFSS      R3, 0
;__Lib_Math.c,1427 :: 		
0x0088	0x289B      	GOTO       UADD22L8
;__Lib_Math.c,1429 :: 		
0x0089	0x02F8      	SUBWF      R8, 1
;__Lib_Math.c,1430 :: 		
0x008A	0x0875      	MOVF       R5, 0
;__Lib_Math.c,1431 :: 		
0x008B	0x1C03      	BTFSS      STATUS, 0
;__Lib_Math.c,1432 :: 		
0x008C	0x0F75      	INCFSZ     R5, 0
;__Lib_Math.c,1433 :: 		
0x008D	0x02F9      	SUBWF      R9, 1
;__Lib_Math.c,1434 :: 		
0x008E	0x0876      	MOVF       R6, 0
;__Lib_Math.c,1435 :: 		
0x008F	0x1C03      	BTFSS      STATUS, 0
;__Lib_Math.c,1436 :: 		
0x0090	0x0F76      	INCFSZ     R6, 0
;__Lib_Math.c,1437 :: 		
0x0091	0x02FA      	SUBWF      R10, 1
;__Lib_Math.c,1438 :: 		
0x0092	0x0877      	MOVF       R7, 0
;__Lib_Math.c,1439 :: 		
0x0093	0x1C03      	BTFSS      STATUS, 0
;__Lib_Math.c,1440 :: 		
0x0094	0x0F77      	INCFSZ     R7, 0
;__Lib_Math.c,1441 :: 		
0x0095	0x02FB      	SUBWF      R11, 1
;__Lib_Math.c,1442 :: 		
0x0096	0x0100      	CLRW
;__Lib_Math.c,1443 :: 		
0x0097	0x1C03      	BTFSS      STATUS, 0
;__Lib_Math.c,1444 :: 		
0x0098	0x3001      	MOVLW      1
;__Lib_Math.c,1445 :: 		
0x0099	0x02A0      	SUBWF      ___math_tempb, 1
;__Lib_Math.c,1446 :: 		
0x009A	0x28AC      	GOTO       UOK22L8
;__Lib_Math.c,1448 :: 		
UADD22L8:
;__Lib_Math.c,1449 :: 		
0x009B	0x07F8      	ADDWF      R8, 1
;__Lib_Math.c,1450 :: 		
0x009C	0x0875      	MOVF       R5, 0
;__Lib_Math.c,1451 :: 		
0x009D	0x1803      	BTFSC      STATUS, 0
;__Lib_Math.c,1452 :: 		
0x009E	0x0F75      	INCFSZ     R5, 0
;__Lib_Math.c,1453 :: 		
0x009F	0x07F9      	ADDWF      R9, 1
;__Lib_Math.c,1454 :: 		
0x00A0	0x0876      	MOVF       R6, 0
;__Lib_Math.c,1455 :: 		
0x00A1	0x1803      	BTFSC      STATUS, 0
;__Lib_Math.c,1456 :: 		
0x00A2	0x0F76      	INCFSZ     R6, 0
;__Lib_Math.c,1457 :: 		
0x00A3	0x07FA      	ADDWF      R10, 1
;__Lib_Math.c,1458 :: 		
0x00A4	0x0877      	MOVF       R7, 0
;__Lib_Math.c,1459 :: 		
0x00A5	0x1803      	BTFSC      STATUS, 0
;__Lib_Math.c,1460 :: 		
0x00A6	0x0F77      	INCFSZ     R7, 0
;__Lib_Math.c,1461 :: 		
0x00A7	0x07FB      	ADDWF      R11, 1
;__Lib_Math.c,1462 :: 		
0x00A8	0x0100      	CLRW
;__Lib_Math.c,1463 :: 		
0x00A9	0x1803      	BTFSC      STATUS, 0
;__Lib_Math.c,1464 :: 		
0x00AA	0x3001      	MOVLW      1
;__Lib_Math.c,1465 :: 		
0x00AB	0x07A0      	ADDWF      ___math_tempb, 1
;__Lib_Math.c,1467 :: 		
UOK22L8:
;__Lib_Math.c,1468 :: 		
0x00AC	0x0DF2      	RLF        R2, 1
;__Lib_Math.c,1470 :: 		
0x00AD	0x3007      	MOVLW      7
;__Lib_Math.c,1471 :: 		
0x00AE	0x00FC      	MOVWF      R12
;__Lib_Math.c,1473 :: 		
LOOPU3232B:
;__Lib_Math.c,1474 :: 		
0x00AF	0x0D72      	RLF        R2, 0
;__Lib_Math.c,1475 :: 		
0x00B0	0x0DF8      	RLF        R8, 1
;__Lib_Math.c,1476 :: 		
0x00B1	0x0DF9      	RLF        R9, 1
;__Lib_Math.c,1477 :: 		
0x00B2	0x0DFA      	RLF        R10, 1
;__Lib_Math.c,1478 :: 		
0x00B3	0x0DFB      	RLF        R11, 1
;__Lib_Math.c,1479 :: 		
0x00B4	0x0DA0      	RLF        ___math_tempb, 1
;__Lib_Math.c,1480 :: 		
0x00B5	0x0874      	MOVF       R4, 0
;__Lib_Math.c,1481 :: 		
0x00B6	0x1C72      	BTFSS      R2, 0
;__Lib_Math.c,1482 :: 		
0x00B7	0x28CA      	GOTO       UADD22LB
;__Lib_Math.c,1484 :: 		
0x00B8	0x02F8      	SUBWF      R8, 1
;__Lib_Math.c,1485 :: 		
0x00B9	0x0875      	MOVF       R5, 0
;__Lib_Math.c,1486 :: 		
0x00BA	0x1C03      	BTFSS      STATUS, 0
;__Lib_Math.c,1487 :: 		
0x00BB	0x0F75      	INCFSZ     R5, 0
;__Lib_Math.c,1488 :: 		
0x00BC	0x02F9      	SUBWF      R9, 1
;__Lib_Math.c,1489 :: 		
0x00BD	0x0876      	MOVF       R6, 0
;__Lib_Math.c,1490 :: 		
0x00BE	0x1C03      	BTFSS      STATUS, 0
;__Lib_Math.c,1491 :: 		
0x00BF	0x0F76      	INCFSZ     R6, 0
;__Lib_Math.c,1492 :: 		
0x00C0	0x02FA      	SUBWF      R10, 1
;__Lib_Math.c,1493 :: 		
0x00C1	0x0877      	MOVF       R7, 0
;__Lib_Math.c,1494 :: 		
0x00C2	0x1C03      	BTFSS      STATUS, 0
;__Lib_Math.c,1495 :: 		
0x00C3	0x0F77      	INCFSZ     R7, 0
;__Lib_Math.c,1496 :: 		
0x00C4	0x02FB      	SUBWF      R11, 1
;__Lib_Math.c,1497 :: 		
0x00C5	0x0100      	CLRW
;__Lib_Math.c,1498 :: 		
0x00C6	0x1C03      	BTFSS      STATUS, 0
;__Lib_Math.c,1499 :: 		
0x00C7	0x3001      	MOVLW      1
;__Lib_Math.c,1500 :: 		
0x00C8	0x02A0      	SUBWF      ___math_tempb, 1
;__Lib_Math.c,1501 :: 		
0x00C9	0x28DB      	GOTO       UOK22LB
;__Lib_Math.c,1503 :: 		
UADD22LB:
;__Lib_Math.c,1504 :: 		
0x00CA	0x07F8      	ADDWF      R8, 1
;__Lib_Math.c,1505 :: 		
0x00CB	0x0875      	MOVF       R5, 0
;__Lib_Math.c,1506 :: 		
0x00CC	0x1803      	BTFSC      STATUS, 0
;__Lib_Math.c,1507 :: 		
0x00CD	0x0F75      	INCFSZ     R5, 0
;__Lib_Math.c,1508 :: 		
0x00CE	0x07F9      	ADDWF      R9, 1
;__Lib_Math.c,1509 :: 		
0x00CF	0x0876      	MOVF       R6, 0
;__Lib_Math.c,1510 :: 		
0x00D0	0x1803      	BTFSC      STATUS, 0
;__Lib_Math.c,1511 :: 		
0x00D1	0x0F76      	INCFSZ     R6, 0
;__Lib_Math.c,1512 :: 		
0x00D2	0x07FA      	ADDWF      R10, 1
;__Lib_Math.c,1513 :: 		
0x00D3	0x0877      	MOVF       R7, 0
;__Lib_Math.c,1514 :: 		
0x00D4	0x1803      	BTFSC      STATUS, 0
;__Lib_Math.c,1515 :: 		
0x00D5	0x0F77      	INCFSZ     R7, 0
;__Lib_Math.c,1516 :: 		
0x00D6	0x07FB      	ADDWF      R11, 1
;__Lib_Math.c,1517 :: 		
0x00D7	0x0100      	CLRW
;__Lib_Math.c,1518 :: 		
0x00D8	0x1803      	BTFSC      STATUS, 0
;__Lib_Math.c,1519 :: 		
0x00D9	0x3001      	MOVLW      1
;__Lib_Math.c,1520 :: 		
0x00DA	0x07A0      	ADDWF      ___math_tempb, 1
;__Lib_Math.c,1522 :: 		
UOK22LB:
;__Lib_Math.c,1523 :: 		
0x00DB	0x0DF2      	RLF        R2, 1
;__Lib_Math.c,1525 :: 		
0x00DC	0x0BFC      	DECFSZ     R12, 1
;__Lib_Math.c,1526 :: 		
0x00DD	0x28AF      	GOTO       LOOPU3232B
;__Lib_Math.c,1528 :: 		
0x00DE	0x0D71      	RLF        R1, 0
;__Lib_Math.c,1529 :: 		
0x00DF	0x0DF8      	RLF        R8, 1
;__Lib_Math.c,1530 :: 		
0x00E0	0x0DF9      	RLF        R9, 1
;__Lib_Math.c,1531 :: 		
0x00E1	0x0DFA      	RLF        R10, 1
;__Lib_Math.c,1532 :: 		
0x00E2	0x0DFB      	RLF        R11, 1
;__Lib_Math.c,1533 :: 		
0x00E3	0x0DA0      	RLF        ___math_tempb, 1
;__Lib_Math.c,1534 :: 		
0x00E4	0x0874      	MOVF       R4, 0
;__Lib_Math.c,1535 :: 		
0x00E5	0x1C72      	BTFSS      R2, 0
;__Lib_Math.c,1536 :: 		
0x00E6	0x28F9      	GOTO       UADD22L16
;__Lib_Math.c,1538 :: 		
0x00E7	0x02F8      	SUBWF      R8, 1
;__Lib_Math.c,1539 :: 		
0x00E8	0x0875      	MOVF       R5, 0
;__Lib_Math.c,1540 :: 		
0x00E9	0x1C03      	BTFSS      STATUS, 0
;__Lib_Math.c,1541 :: 		
0x00EA	0x0F75      	INCFSZ     R5, 0
;__Lib_Math.c,1542 :: 		
0x00EB	0x02F9      	SUBWF      R9, 1
;__Lib_Math.c,1543 :: 		
0x00EC	0x0876      	MOVF       R6, 0
;__Lib_Math.c,1544 :: 		
0x00ED	0x1C03      	BTFSS      STATUS, 0
;__Lib_Math.c,1545 :: 		
0x00EE	0x0F76      	INCFSZ     R6, 0
;__Lib_Math.c,1546 :: 		
0x00EF	0x02FA      	SUBWF      R10, 1
;__Lib_Math.c,1547 :: 		
0x00F0	0x0877      	MOVF       R7, 0
;__Lib_Math.c,1548 :: 		
0x00F1	0x1C03      	BTFSS      STATUS, 0
;__Lib_Math.c,1549 :: 		
0x00F2	0x0F77      	INCFSZ     R7, 0
;__Lib_Math.c,1550 :: 		
0x00F3	0x02FB      	SUBWF      R11, 1
;__Lib_Math.c,1551 :: 		
0x00F4	0x0100      	CLRW
;__Lib_Math.c,1552 :: 		
0x00F5	0x1C03      	BTFSS      STATUS, 0
;__Lib_Math.c,1553 :: 		
0x00F6	0x3001      	MOVLW      1
;__Lib_Math.c,1554 :: 		
0x00F7	0x02A0      	SUBWF      ___math_tempb, 1
;__Lib_Math.c,1555 :: 		
0x00F8	0x290A      	GOTO       UOK22L16
;__Lib_Math.c,1557 :: 		
UADD22L16:
;__Lib_Math.c,1558 :: 		
0x00F9	0x07F8      	ADDWF      R8, 1
;__Lib_Math.c,1559 :: 		
0x00FA	0x0875      	MOVF       R5, 0
;__Lib_Math.c,1560 :: 		
0x00FB	0x1803      	BTFSC      STATUS, 0
;__Lib_Math.c,1561 :: 		
0x00FC	0x0F75      	INCFSZ     R5, 0
;__Lib_Math.c,1562 :: 		
0x00FD	0x07F9      	ADDWF      R9, 1
;__Lib_Math.c,1563 :: 		
0x00FE	0x0876      	MOVF       R6, 0
;__Lib_Math.c,1564 :: 		
0x00FF	0x1803      	BTFSC      STATUS, 0
;__Lib_Math.c,1565 :: 		
0x0100	0x0F76      	INCFSZ     R6, 0
;__Lib_Math.c,1566 :: 		
0x0101	0x07FA      	ADDWF      R10, 1
;__Lib_Math.c,1567 :: 		
0x0102	0x0877      	MOVF       R7, 0
;__Lib_Math.c,1568 :: 		
0x0103	0x1803      	BTFSC      STATUS, 0
;__Lib_Math.c,1569 :: 		
0x0104	0x0F77      	INCFSZ     R7, 0
;__Lib_Math.c,1570 :: 		
0x0105	0x07FB      	ADDWF      R11, 1
;__Lib_Math.c,1571 :: 		
0x0106	0x0100      	CLRW
;__Lib_Math.c,1572 :: 		
0x0107	0x1803      	BTFSC      STATUS, 0
;__Lib_Math.c,1573 :: 		
0x0108	0x3001      	MOVLW      1
;__Lib_Math.c,1574 :: 		
0x0109	0x07A0      	ADDWF      ___math_tempb, 1
;__Lib_Math.c,1576 :: 		
UOK22L16:
;__Lib_Math.c,1577 :: 		
0x010A	0x0DF1      	RLF        R1, 1
;__Lib_Math.c,1579 :: 		
0x010B	0x3007      	MOVLW      7
;__Lib_Math.c,1580 :: 		
0x010C	0x00FC      	MOVWF      R12
;__Lib_Math.c,1582 :: 		
LOOPU3232C:
;__Lib_Math.c,1583 :: 		
0x010D	0x0D71      	RLF        R1, 0
;__Lib_Math.c,1584 :: 		
0x010E	0x0DF8      	RLF        R8, 1
;__Lib_Math.c,1585 :: 		
0x010F	0x0DF9      	RLF        R9, 1
;__Lib_Math.c,1586 :: 		
0x0110	0x0DFA      	RLF        R10, 1
;__Lib_Math.c,1587 :: 		
0x0111	0x0DFB      	RLF        R11, 1
;__Lib_Math.c,1588 :: 		
0x0112	0x0DA0      	RLF        ___math_tempb, 1
;__Lib_Math.c,1589 :: 		
0x0113	0x0874      	MOVF       R4, 0
;__Lib_Math.c,1590 :: 		
0x0114	0x1C71      	BTFSS      R1, 0
;__Lib_Math.c,1591 :: 		
0x0115	0x2928      	GOTO       UADD22LC
;__Lib_Math.c,1593 :: 		
0x0116	0x02F8      	SUBWF      R8, 1
;__Lib_Math.c,1594 :: 		
0x0117	0x0875      	MOVF       R5, 0
;__Lib_Math.c,1595 :: 		
0x0118	0x1C03      	BTFSS      STATUS, 0
;__Lib_Math.c,1596 :: 		
0x0119	0x0F75      	INCFSZ     R5, 0
;__Lib_Math.c,1597 :: 		
0x011A	0x02F9      	SUBWF      R9, 1
;__Lib_Math.c,1598 :: 		
0x011B	0x0876      	MOVF       R6, 0
;__Lib_Math.c,1599 :: 		
0x011C	0x1C03      	BTFSS      STATUS, 0
;__Lib_Math.c,1600 :: 		
0x011D	0x0F76      	INCFSZ     R6, 0
;__Lib_Math.c,1601 :: 		
0x011E	0x02FA      	SUBWF      R10, 1
;__Lib_Math.c,1602 :: 		
0x011F	0x0877      	MOVF       R7, 0
;__Lib_Math.c,1603 :: 		
0x0120	0x1C03      	BTFSS      STATUS, 0
;__Lib_Math.c,1604 :: 		
0x0121	0x0F77      	INCFSZ     R7, 0
;__Lib_Math.c,1605 :: 		
0x0122	0x02FB      	SUBWF      R11, 1
;__Lib_Math.c,1606 :: 		
0x0123	0x0100      	CLRW
;__Lib_Math.c,1607 :: 		
0x0124	0x1C03      	BTFSS      STATUS, 0
;__Lib_Math.c,1608 :: 		
0x0125	0x3001      	MOVLW      1
;__Lib_Math.c,1609 :: 		
0x0126	0x02A0      	SUBWF      ___math_tempb, 1
;__Lib_Math.c,1610 :: 		
0x0127	0x2939      	GOTO       UOK22LC
;__Lib_Math.c,1612 :: 		
UADD22LC:
;__Lib_Math.c,1613 :: 		
0x0128	0x07F8      	ADDWF      R8, 1
;__Lib_Math.c,1614 :: 		
0x0129	0x0875      	MOVF       R5, 0
;__Lib_Math.c,1615 :: 		
0x012A	0x1803      	BTFSC      STATUS, 0
;__Lib_Math.c,1616 :: 		
0x012B	0x0F75      	INCFSZ     R5, 0
;__Lib_Math.c,1617 :: 		
0x012C	0x07F9      	ADDWF      R9, 1
;__Lib_Math.c,1618 :: 		
0x012D	0x0876      	MOVF       R6, 0
;__Lib_Math.c,1619 :: 		
0x012E	0x1803      	BTFSC      STATUS, 0
;__Lib_Math.c,1620 :: 		
0x012F	0x0F76      	INCFSZ     R6, 0
;__Lib_Math.c,1621 :: 		
0x0130	0x07FA      	ADDWF      R10, 1
;__Lib_Math.c,1622 :: 		
0x0131	0x0877      	MOVF       R7, 0
;__Lib_Math.c,1623 :: 		
0x0132	0x1803      	BTFSC      STATUS, 0
;__Lib_Math.c,1624 :: 		
0x0133	0x0F77      	INCFSZ     R7, 0
;__Lib_Math.c,1625 :: 		
0x0134	0x07FB      	ADDWF      R11, 1
;__Lib_Math.c,1626 :: 		
0x0135	0x0100      	CLRW
;__Lib_Math.c,1627 :: 		
0x0136	0x1803      	BTFSC      STATUS, 0
;__Lib_Math.c,1628 :: 		
0x0137	0x3001      	MOVLW      1
;__Lib_Math.c,1629 :: 		
0x0138	0x07A0      	ADDWF      ___math_tempb, 1
;__Lib_Math.c,1631 :: 		
UOK22LC:
;__Lib_Math.c,1632 :: 		
0x0139	0x0DF1      	RLF        R1, 1
;__Lib_Math.c,1634 :: 		
0x013A	0x0BFC      	DECFSZ     R12, 1
;__Lib_Math.c,1635 :: 		
0x013B	0x290D      	GOTO       LOOPU3232C
;__Lib_Math.c,1637 :: 		
0x013C	0x0D70      	RLF        R0, 0
;__Lib_Math.c,1638 :: 		
0x013D	0x0DF8      	RLF        R8, 1
;__Lib_Math.c,1639 :: 		
0x013E	0x0DF9      	RLF        R9, 1
;__Lib_Math.c,1640 :: 		
0x013F	0x0DFA      	RLF        R10, 1
;__Lib_Math.c,1641 :: 		
0x0140	0x0DFB      	RLF        R11, 1
;__Lib_Math.c,1642 :: 		
0x0141	0x0DA0      	RLF        ___math_tempb, 1
;__Lib_Math.c,1643 :: 		
0x0142	0x0874      	MOVF       R4, 0
;__Lib_Math.c,1644 :: 		
0x0143	0x1C71      	BTFSS      R1, 0
;__Lib_Math.c,1645 :: 		
0x0144	0x2957      	GOTO       UADD22L24
;__Lib_Math.c,1647 :: 		
0x0145	0x02F8      	SUBWF      R8, 1
;__Lib_Math.c,1648 :: 		
0x0146	0x0875      	MOVF       R5, 0
;__Lib_Math.c,1649 :: 		
0x0147	0x1C03      	BTFSS      STATUS, 0
;__Lib_Math.c,1650 :: 		
0x0148	0x0F75      	INCFSZ     R5, 0
;__Lib_Math.c,1651 :: 		
0x0149	0x02F9      	SUBWF      R9, 1
;__Lib_Math.c,1652 :: 		
0x014A	0x0876      	MOVF       R6, 0
;__Lib_Math.c,1653 :: 		
0x014B	0x1C03      	BTFSS      STATUS, 0
;__Lib_Math.c,1654 :: 		
0x014C	0x0F76      	INCFSZ     R6, 0
;__Lib_Math.c,1655 :: 		
0x014D	0x02FA      	SUBWF      R10, 1
;__Lib_Math.c,1656 :: 		
0x014E	0x0877      	MOVF       R7, 0
;__Lib_Math.c,1657 :: 		
0x014F	0x1C03      	BTFSS      STATUS, 0
;__Lib_Math.c,1658 :: 		
0x0150	0x0F77      	INCFSZ     R7, 0
;__Lib_Math.c,1659 :: 		
0x0151	0x02FB      	SUBWF      R11, 1
;__Lib_Math.c,1660 :: 		
0x0152	0x0100      	CLRW
;__Lib_Math.c,1661 :: 		
0x0153	0x1C03      	BTFSS      STATUS, 0
;__Lib_Math.c,1662 :: 		
0x0154	0x3001      	MOVLW      1
;__Lib_Math.c,1663 :: 		
0x0155	0x02A0      	SUBWF      ___math_tempb, 1
;__Lib_Math.c,1664 :: 		
0x0156	0x2968      	GOTO       UOK22L24
;__Lib_Math.c,1666 :: 		
UADD22L24:
;__Lib_Math.c,1667 :: 		
0x0157	0x07F8      	ADDWF      R8, 1
;__Lib_Math.c,1668 :: 		
0x0158	0x0875      	MOVF       R5, 0
;__Lib_Math.c,1669 :: 		
0x0159	0x1803      	BTFSC      STATUS, 0
;__Lib_Math.c,1670 :: 		
0x015A	0x0F75      	INCFSZ     R5, 0
;__Lib_Math.c,1671 :: 		
0x015B	0x07F9      	ADDWF      R9, 1
;__Lib_Math.c,1672 :: 		
0x015C	0x0876      	MOVF       R6, 0
;__Lib_Math.c,1673 :: 		
0x015D	0x1803      	BTFSC      STATUS, 0
;__Lib_Math.c,1674 :: 		
0x015E	0x0F76      	INCFSZ     R6, 0
;__Lib_Math.c,1675 :: 		
0x015F	0x07FA      	ADDWF      R10, 1
;__Lib_Math.c,1676 :: 		
0x0160	0x0877      	MOVF       R7, 0
;__Lib_Math.c,1677 :: 		
0x0161	0x1803      	BTFSC      STATUS, 0
;__Lib_Math.c,1678 :: 		
0x0162	0x0F77      	INCFSZ     R7, 0
;__Lib_Math.c,1679 :: 		
0x0163	0x07FB      	ADDWF      R11, 1
;__Lib_Math.c,1680 :: 		
0x0164	0x0100      	CLRW
;__Lib_Math.c,1681 :: 		
0x0165	0x1803      	BTFSC      STATUS, 0
;__Lib_Math.c,1682 :: 		
0x0166	0x3001      	MOVLW      1
;__Lib_Math.c,1683 :: 		
0x0167	0x07A0      	ADDWF      ___math_tempb, 1
;__Lib_Math.c,1685 :: 		
UOK22L24:
;__Lib_Math.c,1686 :: 		
0x0168	0x0DF0      	RLF        R0, 1
;__Lib_Math.c,1688 :: 		
0x0169	0x3007      	MOVLW      7
;__Lib_Math.c,1689 :: 		
0x016A	0x00FC      	MOVWF      R12
;__Lib_Math.c,1691 :: 		
LOOPU3232D:
;__Lib_Math.c,1692 :: 		
0x016B	0x0D70      	RLF        R0, 0
;__Lib_Math.c,1693 :: 		
0x016C	0x0DF8      	RLF        R8, 1
;__Lib_Math.c,1694 :: 		
0x016D	0x0DF9      	RLF        R9, 1
;__Lib_Math.c,1695 :: 		
0x016E	0x0DFA      	RLF        R10, 1
;__Lib_Math.c,1696 :: 		
0x016F	0x0DFB      	RLF        R11, 1
;__Lib_Math.c,1697 :: 		
0x0170	0x0DA0      	RLF        ___math_tempb, 1
;__Lib_Math.c,1698 :: 		
0x0171	0x0874      	MOVF       R4, 0
;__Lib_Math.c,1699 :: 		
0x0172	0x1C70      	BTFSS      R0, 0
;__Lib_Math.c,1700 :: 		
0x0173	0x2986      	GOTO       UADD22LD
;__Lib_Math.c,1702 :: 		
0x0174	0x02F8      	SUBWF      R8, 1
;__Lib_Math.c,1703 :: 		
0x0175	0x0875      	MOVF       R5, 0
;__Lib_Math.c,1704 :: 		
0x0176	0x1C03      	BTFSS      STATUS, 0
;__Lib_Math.c,1705 :: 		
0x0177	0x0F75      	INCFSZ     R5, 0
;__Lib_Math.c,1706 :: 		
0x0178	0x02F9      	SUBWF      R9, 1
;__Lib_Math.c,1707 :: 		
0x0179	0x0876      	MOVF       R6, 0
;__Lib_Math.c,1708 :: 		
0x017A	0x1C03      	BTFSS      STATUS, 0
;__Lib_Math.c,1709 :: 		
0x017B	0x0F76      	INCFSZ     R6, 0
;__Lib_Math.c,1710 :: 		
0x017C	0x02FA      	SUBWF      R10, 1
;__Lib_Math.c,1711 :: 		
0x017D	0x0877      	MOVF       R7, 0
;__Lib_Math.c,1712 :: 		
0x017E	0x1C03      	BTFSS      STATUS, 0
;__Lib_Math.c,1713 :: 		
0x017F	0x0F77      	INCFSZ     R7, 0
;__Lib_Math.c,1714 :: 		
0x0180	0x02FB      	SUBWF      R11, 1
;__Lib_Math.c,1715 :: 		
0x0181	0x0100      	CLRW
;__Lib_Math.c,1716 :: 		
0x0182	0x1C03      	BTFSS      STATUS, 0
;__Lib_Math.c,1717 :: 		
0x0183	0x3001      	MOVLW      1
;__Lib_Math.c,1718 :: 		
0x0184	0x02A0      	SUBWF      ___math_tempb, 1
;__Lib_Math.c,1719 :: 		
0x0185	0x2997      	GOTO       UOK22LD
;__Lib_Math.c,1721 :: 		
UADD22LD:
;__Lib_Math.c,1722 :: 		
0x0186	0x07F8      	ADDWF      R8, 1
;__Lib_Math.c,1723 :: 		
0x0187	0x0875      	MOVF       R5, 0
;__Lib_Math.c,1724 :: 		
0x0188	0x1803      	BTFSC      STATUS, 0
;__Lib_Math.c,1725 :: 		
0x0189	0x0F75      	INCFSZ     R5, 0
;__Lib_Math.c,1726 :: 		
0x018A	0x07F9      	ADDWF      R9, 1
;__Lib_Math.c,1727 :: 		
0x018B	0x0876      	MOVF       R6, 0
;__Lib_Math.c,1728 :: 		
0x018C	0x1803      	BTFSC      STATUS, 0
;__Lib_Math.c,1729 :: 		
0x018D	0x0F76      	INCFSZ     R6, 0
;__Lib_Math.c,1730 :: 		
0x018E	0x07FA      	ADDWF      R10, 1
;__Lib_Math.c,1731 :: 		
0x018F	0x0877      	MOVF       R7, 0
;__Lib_Math.c,1732 :: 		
0x0190	0x1803      	BTFSC      STATUS, 0
;__Lib_Math.c,1733 :: 		
0x0191	0x0F77      	INCFSZ     R7, 0
;__Lib_Math.c,1734 :: 		
0x0192	0x07FB      	ADDWF      R11, 1
;__Lib_Math.c,1735 :: 		
0x0193	0x0100      	CLRW
;__Lib_Math.c,1736 :: 		
0x0194	0x1803      	BTFSC      STATUS, 0
;__Lib_Math.c,1737 :: 		
0x0195	0x3001      	MOVLW      1
;__Lib_Math.c,1738 :: 		
0x0196	0x07A0      	ADDWF      ___math_tempb, 1
;__Lib_Math.c,1740 :: 		
UOK22LD:
;__Lib_Math.c,1741 :: 		
0x0197	0x0DF0      	RLF        R0, 1
;__Lib_Math.c,1743 :: 		
0x0198	0x0BFC      	DECFSZ     R12, 1
;__Lib_Math.c,1744 :: 		
0x0199	0x296B      	GOTO       LOOPU3232D
;__Lib_Math.c,1746 :: 		
0x019A	0x1870      	BTFSC      R0, 0
;__Lib_Math.c,1747 :: 		
0x019B	0x29AA      	GOTO       UOK22L
;__Lib_Math.c,1748 :: 		
0x019C	0x0874      	MOVF       R4, 0
;__Lib_Math.c,1749 :: 		
0x019D	0x07F8      	ADDWF      R8, 1
;__Lib_Math.c,1750 :: 		
0x019E	0x0875      	MOVF       R5, 0
;__Lib_Math.c,1751 :: 		
0x019F	0x1803      	BTFSC      STATUS, 0
;__Lib_Math.c,1752 :: 		
0x01A0	0x0F75      	INCFSZ     R5, 0
;__Lib_Math.c,1753 :: 		
0x01A1	0x07F9      	ADDWF      R9, 1
;__Lib_Math.c,1754 :: 		
0x01A2	0x0876      	MOVF       R6, 0
;__Lib_Math.c,1755 :: 		
0x01A3	0x1803      	BTFSC      STATUS, 0
;__Lib_Math.c,1756 :: 		
0x01A4	0x0F76      	INCFSZ     R6, 0
;__Lib_Math.c,1757 :: 		
0x01A5	0x07FA      	ADDWF      R10, 1
;__Lib_Math.c,1758 :: 		
0x01A6	0x0877      	MOVF       R7, 0
;__Lib_Math.c,1759 :: 		
0x01A7	0x1803      	BTFSC      STATUS, 0
;__Lib_Math.c,1760 :: 		
0x01A8	0x0F77      	INCFSZ     R7, 0
;__Lib_Math.c,1761 :: 		
0x01A9	0x07FB      	ADDWF      R11, 1
;__Lib_Math.c,1763 :: 		
UOK22L:
;__Lib_Math.c,1766 :: 		
L_end_Div_32x32_U:
0x01AA	0x0008      	RETURN
; end of _Div_32x32_U
_Mul_32x32_U:
;__Lib_Math.c,1775 :: 		
;__Lib_Math.c,1790 :: 		
0x01AB	0x1283      	BCF        STATUS, 5
;__Lib_Math.c,1791 :: 		
0x01AC	0x1303      	BCF        STATUS, 6
;__Lib_Math.c,1792 :: 		
0x01AD	0x3022      	MOVLW      34
;__Lib_Math.c,1793 :: 		
0x01AE	0x00FC      	MOVWF      R12
;__Lib_Math.c,1794 :: 		
0x01AF	0x01F8      	CLRF       R8
;__Lib_Math.c,1795 :: 		
0x01B0	0x01F9      	CLRF       R9
;__Lib_Math.c,1796 :: 		
0x01B1	0x01FA      	CLRF       R10
;__Lib_Math.c,1797 :: 		
0x01B2	0x01FB      	CLRF       R11
;__Lib_Math.c,1799 :: 		
_NEXT:
;__Lib_Math.c,1803 :: 		
0x01B3	0x03FC      	DECF       R12, 1
;__Lib_Math.c,1804 :: 		
0x01B4	0x1903      	BTFSC      STATUS, 2
;__Lib_Math.c,1805 :: 		
0x01B5	0x29E1      	GOTO       _EXIT2
;__Lib_Math.c,1806 :: 		
0x01B6	0x1003      	BCF        STATUS, 0
;__Lib_Math.c,1808 :: 		
_LOOP:
;__Lib_Math.c,1817 :: 		
0x01B7	0x0CFB      	RRF        R11, 1
;__Lib_Math.c,1818 :: 		
0x01B8	0x0CFA      	RRF        R10, 1
;__Lib_Math.c,1819 :: 		
0x01B9	0x0CF9      	RRF        R9, 1
;__Lib_Math.c,1820 :: 		
0x01BA	0x0CF8      	RRF        R8, 1
;__Lib_Math.c,1821 :: 		
0x01BB	0x0CF3      	RRF        R3, 1
;__Lib_Math.c,1822 :: 		
0x01BC	0x0CF2      	RRF        R2, 1
;__Lib_Math.c,1823 :: 		
0x01BD	0x0CF1      	RRF        R1, 1
;__Lib_Math.c,1824 :: 		
0x01BE	0x0CF0      	RRF        R0, 1
;__Lib_Math.c,1829 :: 		
0x01BF	0x1C03      	BTFSS      STATUS, 0
;__Lib_Math.c,1830 :: 		
0x01C0	0x29B3      	GOTO       _NEXT
;__Lib_Math.c,1831 :: 		
0x01C1	0x03FC      	DECF       R12, 1
;__Lib_Math.c,1832 :: 		
0x01C2	0x1903      	BTFSC      STATUS, 2
;__Lib_Math.c,1833 :: 		
0x01C3	0x29D3      	GOTO       _EXIT1
;__Lib_Math.c,1840 :: 		
0x01C4	0x0874      	MOVF       R4, 0
;__Lib_Math.c,1841 :: 		
0x01C5	0x07F8      	ADDWF      R8, 1
;__Lib_Math.c,1842 :: 		
0x01C6	0x0875      	MOVF       R5, 0
;__Lib_Math.c,1843 :: 		
0x01C7	0x1803      	BTFSC      STATUS, 0
;__Lib_Math.c,1844 :: 		
0x01C8	0x0F75      	INCFSZ     R5, 0
;__Lib_Math.c,1845 :: 		
0x01C9	0x07F9      	ADDWF      R9, 1
;__Lib_Math.c,1846 :: 		
0x01CA	0x0876      	MOVF       R6, 0
;__Lib_Math.c,1847 :: 		
0x01CB	0x1803      	BTFSC      STATUS, 0
;__Lib_Math.c,1848 :: 		
0x01CC	0x0F76      	INCFSZ     R6, 0
;__Lib_Math.c,1849 :: 		
0x01CD	0x07FA      	ADDWF      R10, 1
;__Lib_Math.c,1850 :: 		
0x01CE	0x0877      	MOVF       R7, 0
;__Lib_Math.c,1851 :: 		
0x01CF	0x1803      	BTFSC      STATUS, 0
;__Lib_Math.c,1852 :: 		
0x01D0	0x0F77      	INCFSZ     R7, 0
;__Lib_Math.c,1853 :: 		
0x01D1	0x07FB      	ADDWF      R11, 1
;__Lib_Math.c,1855 :: 		
0x01D2	0x29B7      	GOTO       _LOOP
;__Lib_Math.c,1857 :: 		
_EXIT1:
;__Lib_Math.c,1862 :: 		
0x01D3	0x0874      	MOVF       R4, 0
;__Lib_Math.c,1863 :: 		
0x01D4	0x07F8      	ADDWF      R8, 1
;__Lib_Math.c,1864 :: 		
0x01D5	0x0875      	MOVF       R5, 0
;__Lib_Math.c,1865 :: 		
0x01D6	0x1803      	BTFSC      STATUS, 0
;__Lib_Math.c,1866 :: 		
0x01D7	0x0F75      	INCFSZ     R5, 0
;__Lib_Math.c,1867 :: 		
0x01D8	0x07F9      	ADDWF      R9, 1
;__Lib_Math.c,1868 :: 		
0x01D9	0x0876      	MOVF       R6, 0
;__Lib_Math.c,1869 :: 		
0x01DA	0x1803      	BTFSC      STATUS, 0
;__Lib_Math.c,1870 :: 		
0x01DB	0x0F76      	INCFSZ     R6, 0
;__Lib_Math.c,1871 :: 		
0x01DC	0x07FA      	ADDWF      R10, 1
;__Lib_Math.c,1872 :: 		
0x01DD	0x0877      	MOVF       R7, 0
;__Lib_Math.c,1873 :: 		
0x01DE	0x1803      	BTFSC      STATUS, 0
;__Lib_Math.c,1874 :: 		
0x01DF	0x0F77      	INCFSZ     R7, 0
;__Lib_Math.c,1875 :: 		
0x01E0	0x07FB      	ADDWF      R11, 1
;__Lib_Math.c,1878 :: 		
_EXIT2:
;__Lib_Math.c,1880 :: 		
L_end_Mul_32x32_U:
0x01E1	0x0008      	RETURN
; end of _Mul_32x32_U
_Get_Fosc_kHz:
;__Lib_Delays.c,1 :: 		unsigned long Get_Fosc_kHz(){
;__Lib_Delays.c,3 :: 		return Clock_kHz();
0x01E2	0x3040      	MOVLW      64
0x01E3	0x1283      	BCF        STATUS, 5
0x01E4	0x1303      	BCF        STATUS, 6
0x01E5	0x00F0      	MOVWF      R0
0x01E6	0x301F      	MOVLW      31
0x01E7	0x00F1      	MOVWF      R0+1
0x01E8	0x01F2      	CLRF       R0+2
0x01E9	0x01F3      	CLRF       R0+3
;__Lib_Delays.c,5 :: 		}
L_end_Get_Fosc_kHz:
0x01EA	0x0008      	RETURN
; end of _Get_Fosc_kHz
_Div_16x16_S_L:
;__Lib_Math.c,421 :: 		
;__Lib_Math.c,427 :: 		
0x01EB	0x0D71      	RLF        R1, 0
;__Lib_Math.c,428 :: 		
0x01EC	0x0DF8      	RLF        R8, 1
;__Lib_Math.c,429 :: 		
0x01ED	0x0DF9      	RLF        R9, 1
;__Lib_Math.c,430 :: 		
0x01EE	0x0874      	MOVF       R4, 0
;__Lib_Math.c,431 :: 		
0x01EF	0x02F8      	SUBWF      R8, 1
;__Lib_Math.c,432 :: 		
0x01F0	0x0875      	MOVF       R5, 0
;__Lib_Math.c,433 :: 		
0x01F1	0x1C03      	BTFSS      STATUS, 0
;__Lib_Math.c,434 :: 		
0x01F2	0x0F75      	INCFSZ     R5, 0
;__Lib_Math.c,435 :: 		
0x01F3	0x02F9      	SUBWF      R9, 1
;__Lib_Math.c,436 :: 		
0x01F4	0x0DF0      	RLF        R0, 1
;__Lib_Math.c,437 :: 		
0x01F5	0x0DF1      	RLF        R1, 1
;__Lib_Math.c,439 :: 		
0x01F6	0x300F      	MOVLW      15
;__Lib_Math.c,440 :: 		
0x01F7	0x00FC      	MOVWF      R12
;__Lib_Math.c,442 :: 		
0x01F8	0x0D71      	RLF        R1, 0
;__Lib_Math.c,443 :: 		
0x01F9	0x0DF8      	RLF        R8, 1
;__Lib_Math.c,444 :: 		
0x01FA	0x0DF9      	RLF        R9, 1
;__Lib_Math.c,445 :: 		
0x01FB	0x0874      	MOVF       R4, 0
;__Lib_Math.c,447 :: 		
0x01FC	0x1C70      	BTFSS      R0, 0
;__Lib_Math.c,448 :: 		
0x01FD	0x2A04      	GOTO       $+7
;__Lib_Math.c,449 :: 		
0x01FE	0x02F8      	SUBWF      R8, 1
;__Lib_Math.c,450 :: 		
0x01FF	0x0875      	MOVF       R5, 0
;__Lib_Math.c,451 :: 		
0x0200	0x1C03      	BTFSS      STATUS, 0
;__Lib_Math.c,452 :: 		
0x0201	0x0F75      	INCFSZ     R5, 0
;__Lib_Math.c,453 :: 		
0x0202	0x02F9      	SUBWF      R9, 1
;__Lib_Math.c,454 :: 		
0x0203	0x2A09      	GOTO       $+6
;__Lib_Math.c,456 :: 		
0x0204	0x07F8      	ADDWF      R8, 1
;__Lib_Math.c,457 :: 		
0x0205	0x0875      	MOVF       R5, 0
;__Lib_Math.c,458 :: 		
0x0206	0x1803      	BTFSC      STATUS, 0
;__Lib_Math.c,459 :: 		
0x0207	0x0F75      	INCFSZ     R5, 0
;__Lib_Math.c,460 :: 		
0x0208	0x07F9      	ADDWF      R9, 1
;__Lib_Math.c,462 :: 		
0x0209	0x0DF0      	RLF        R0, 1
;__Lib_Math.c,463 :: 		
0x020A	0x0DF1      	RLF        R1, 1
;__Lib_Math.c,465 :: 		
0x020B	0x0BFC      	DECFSZ     R12, 1
;__Lib_Math.c,466 :: 		
0x020C	0x29F8      	GOTO       $-20
;__Lib_Math.c,468 :: 		
0x020D	0x1870      	BTFSC      R0, 0
;__Lib_Math.c,469 :: 		
0x020E	0x2A15      	GOTO       $+7
;__Lib_Math.c,470 :: 		
0x020F	0x0874      	MOVF       R4, 0
;__Lib_Math.c,471 :: 		
0x0210	0x07F8      	ADDWF      R8, 1
;__Lib_Math.c,472 :: 		
0x0211	0x0875      	MOVF       R5, 0
;__Lib_Math.c,473 :: 		
0x0212	0x1803      	BTFSC      STATUS, 0
;__Lib_Math.c,474 :: 		
0x0213	0x0F75      	INCFSZ     R5, 0
;__Lib_Math.c,475 :: 		
0x0214	0x07F9      	ADDWF      R9, 1
;__Lib_Math.c,476 :: 		
0x0215	0x0000      	NOP
;__Lib_Math.c,478 :: 		
L_end_Div_16x16_S_L:
0x0216	0x0008      	RETURN
; end of _Div_16x16_S_L
_Div_16x16_S:
;__Lib_Math.c,480 :: 		
;__Lib_Math.c,488 :: 		
0x0217	0x1283      	BCF        STATUS, 5
0x0218	0x1303      	BCF        STATUS, 6
0x0219	0x0874      	MOVF       R4, 0
0x021A	0x3A00      	XORLW      0
0x021B	0x1D03      	BTFSS      STATUS, 2
0x021C	0x2A26      	GOTO       L_Div_16x16_S0
;__Lib_Math.c,489 :: 		
0x021D	0x0875      	MOVF       R5, 0
0x021E	0x3A00      	XORLW      0
0x021F	0x1D03      	BTFSS      STATUS, 2
0x0220	0x2A26      	GOTO       L_Div_16x16_S1
;__Lib_Math.c,490 :: 		
0x0221	0x30FF      	MOVLW      255
0x0222	0x00F0      	MOVWF      R0
;__Lib_Math.c,491 :: 		
0x0223	0x307F      	MOVLW      127
0x0224	0x00F1      	MOVWF      R1
;__Lib_Math.c,492 :: 		
0x0225	0x2A7F      	GOTO       L_end_Div_16x16_S
;__Lib_Math.c,493 :: 		
L_Div_16x16_S1:
L_Div_16x16_S0:
;__Lib_Math.c,496 :: 		
0x0226	0x1283      	BCF        STATUS, 5
;__Lib_Math.c,497 :: 		
0x0227	0x1303      	BCF        STATUS, 6
;__Lib_Math.c,498 :: 		
0x0228	0x01FD      	CLRF       R13
;__Lib_Math.c,499 :: 		
0x0229	0x01F9      	CLRF       R9
;__Lib_Math.c,500 :: 		
0x022A	0x01F8      	CLRF       R8
;__Lib_Math.c,501 :: 		
0x022B	0x0871      	MOVF       R1, 0
;__Lib_Math.c,502 :: 		
0x022C	0x0470      	IORWF      R0, 0
;__Lib_Math.c,503 :: 		
0x022D	0x1903      	BTFSC      STATUS, 2
;__Lib_Math.c,504 :: 		
0x022E	0x3400      	RETLW      0
;__Lib_Math.c,506 :: 		
0x022F	0x0871      	MOVF       R1, 0
;__Lib_Math.c,507 :: 		
0x0230	0x0675      	XORWF      R5, 0
;__Lib_Math.c,508 :: 		
0x0231	0x00FA      	MOVWF      R10
;__Lib_Math.c,509 :: 		
0x0232	0x1BFA      	BTFSC      R10, 7
;__Lib_Math.c,510 :: 		
0x0233	0x09FD      	COMF       R13, 1
;__Lib_Math.c,512 :: 		
0x0234	0x01FB      	CLRF       R11
;__Lib_Math.c,514 :: 		
0x0235	0x1FF5      	BTFSS      R5, 7
;__Lib_Math.c,515 :: 		
0x0236	0x2A3C      	GOTO       $+6
;__Lib_Math.c,517 :: 		
0x0237	0x09F4      	COMF       R4, 1
;__Lib_Math.c,518 :: 		
0x0238	0x09F5      	COMF       R5, 1
;__Lib_Math.c,519 :: 		
0x0239	0x0AF4      	INCF       R4, 1
;__Lib_Math.c,520 :: 		
0x023A	0x1903      	BTFSC      STATUS, 2
;__Lib_Math.c,521 :: 		
0x023B	0x0AF5      	INCF       R5, 1
;__Lib_Math.c,523 :: 		
0x023C	0x1FF1      	BTFSS      R1, 7
;__Lib_Math.c,524 :: 		
0x023D	0x2A43      	GOTO       $+6
;__Lib_Math.c,526 :: 		
0x023E	0x09F0      	COMF       R0, 1
;__Lib_Math.c,527 :: 		
0x023F	0x09F1      	COMF       R1, 1
;__Lib_Math.c,528 :: 		
0x0240	0x0AF0      	INCF       R0, 1
;__Lib_Math.c,529 :: 		
0x0241	0x1903      	BTFSC      STATUS, 2
;__Lib_Math.c,530 :: 		
0x0242	0x0AF1      	INCF       R1, 1
;__Lib_Math.c,532 :: 		
0x0243	0x0871      	MOVF       R1, 0
;__Lib_Math.c,533 :: 		
0x0244	0x0475      	IORWF      R5, 0
;__Lib_Math.c,534 :: 		
0x0245	0x00FA      	MOVWF      R10
;__Lib_Math.c,535 :: 		
0x0246	0x1BFA      	BTFSC      R10, 7
;__Lib_Math.c,536 :: 		
0x0247	0x2A58      	GOTO       $+17
;__Lib_Math.c,538 :: 		
0x0248	0x21EB      	CALL       _Div_16x16_S_L
;__Lib_Math.c,540 :: 		
0x0249	0x187B      	BTFSC      R11, 0
;__Lib_Math.c,541 :: 		
0x024A	0x2A6B      	GOTO       $+33
;__Lib_Math.c,543 :: 		
0x024B	0x1FFD      	BTFSS      R13, 7
;__Lib_Math.c,544 :: 		
0x024C	0x3400      	RETLW      0
;__Lib_Math.c,546 :: 		
0x024D	0x09F0      	COMF       R0, 1
;__Lib_Math.c,547 :: 		
0x024E	0x09F1      	COMF       R1, 1
;__Lib_Math.c,548 :: 		
0x024F	0x0AF0      	INCF       R0, 1
;__Lib_Math.c,549 :: 		
0x0250	0x1903      	BTFSC      STATUS, 2
;__Lib_Math.c,550 :: 		
0x0251	0x0AF1      	INCF       R1, 1
;__Lib_Math.c,552 :: 		
0x0252	0x09F8      	COMF       R8, 1
;__Lib_Math.c,553 :: 		
0x0253	0x09F9      	COMF       R9, 1
;__Lib_Math.c,554 :: 		
0x0254	0x0AF8      	INCF       R8, 1
;__Lib_Math.c,555 :: 		
0x0255	0x1903      	BTFSC      STATUS, 2
;__Lib_Math.c,556 :: 		
0x0256	0x0AF9      	INCF       R9, 1
;__Lib_Math.c,558 :: 		
0x0257	0x3400      	RETLW      0
;__Lib_Math.c,560 :: 		
0x0258	0x1FF5      	BTFSS      R5, 7
;__Lib_Math.c,561 :: 		
0x0259	0x2A67      	GOTO       $+14
;__Lib_Math.c,562 :: 		
0x025A	0x1BF1      	BTFSC      R1, 7
;__Lib_Math.c,563 :: 		
0x025B	0x2A63      	GOTO       $+8
;__Lib_Math.c,564 :: 		
0x025C	0x0871      	MOVF       R1, 0
;__Lib_Math.c,565 :: 		
0x025D	0x00F9      	MOVWF      R9
;__Lib_Math.c,566 :: 		
0x025E	0x0870      	MOVF       R0, 0
;__Lib_Math.c,567 :: 		
0x025F	0x00F8      	MOVWF      R8
;__Lib_Math.c,568 :: 		
0x0260	0x01F1      	CLRF       R1
;__Lib_Math.c,569 :: 		
0x0261	0x01F0      	CLRF       R0
;__Lib_Math.c,570 :: 		
0x0262	0x2A4B      	GOTO       $-23
;__Lib_Math.c,571 :: 		
0x0263	0x01F1      	CLRF       R1
;__Lib_Math.c,572 :: 		
0x0264	0x01F0      	CLRF       R0
;__Lib_Math.c,573 :: 		
0x0265	0x0AF0      	INCF       R0, 1
;__Lib_Math.c,574 :: 		
0x0266	0x3400      	RETLW      0
;__Lib_Math.c,576 :: 		
0x0267	0x09F1      	COMF       R1, 1
;__Lib_Math.c,577 :: 		
0x0268	0x09F0      	COMF       R0, 1
;__Lib_Math.c,578 :: 		
0x0269	0x0AFB      	INCF       R11, 1
;__Lib_Math.c,579 :: 		
0x026A	0x2A48      	GOTO       $-34
;__Lib_Math.c,581 :: 		
0x026B	0x0AF8      	INCF       R8, 1
;__Lib_Math.c,582 :: 		
0x026C	0x1903      	BTFSC      STATUS, 2
;__Lib_Math.c,583 :: 		
0x026D	0x0AF9      	INCF       R9, 1
;__Lib_Math.c,584 :: 		
0x026E	0x0874      	MOVF       R4, 0
;__Lib_Math.c,585 :: 		
0x026F	0x0278      	SUBWF      R8, 0
;__Lib_Math.c,586 :: 		
0x0270	0x1D03      	BTFSS      STATUS, 2
;__Lib_Math.c,587 :: 		
0x0271	0x2A4B      	GOTO       $-38
;__Lib_Math.c,588 :: 		
0x0272	0x0875      	MOVF       R5, 0
;__Lib_Math.c,589 :: 		
0x0273	0x0279      	SUBWF      R9, 0
;__Lib_Math.c,590 :: 		
0x0274	0x1D03      	BTFSS      STATUS, 2
;__Lib_Math.c,591 :: 		
0x0275	0x2A4B      	GOTO       $-42
;__Lib_Math.c,592 :: 		
0x0276	0x01F9      	CLRF       R9
;__Lib_Math.c,593 :: 		
0x0277	0x01F8      	CLRF       R8
;__Lib_Math.c,594 :: 		
0x0278	0x0AF0      	INCF       R0, 1
;__Lib_Math.c,595 :: 		
0x0279	0x1903      	BTFSC      STATUS, 2
;__Lib_Math.c,596 :: 		
0x027A	0x0AF1      	INCF       R1, 1
;__Lib_Math.c,597 :: 		
0x027B	0x1FF1      	BTFSS      R1, 7
;__Lib_Math.c,598 :: 		
0x027C	0x2A4B      	GOTO       $-49
;__Lib_Math.c,599 :: 		
0x027D	0x0000      	NOP
;__Lib_Math.c,600 :: 		
0x027E	0x34FF      	RETLW      255
;__Lib_Math.c,602 :: 		
L_end_Div_16x16_S:
0x027F	0x0008      	RETURN
; end of _Div_16x16_S
_Mul_16X16_U:
;__Lib_Math.c,136 :: 		
;__Lib_Math.c,143 :: 		
0x0280	0x1283      	BCF        STATUS, 5
;__Lib_Math.c,144 :: 		
0x0281	0x1303      	BCF        STATUS, 6
;__Lib_Math.c,145 :: 		
0x0282	0x01FB      	CLRF       R11
;__Lib_Math.c,146 :: 		
0x0283	0x01FA      	CLRF       R10
;__Lib_Math.c,147 :: 		
0x0284	0x01F9      	CLRF       R9
;__Lib_Math.c,148 :: 		
0x0285	0x3080      	MOVLW      128
;__Lib_Math.c,149 :: 		
0x0286	0x00F8      	MOVWF      R8
;__Lib_Math.c,150 :: 		
0x0287	0x0CF1      	RRF        R1, 1
;__Lib_Math.c,151 :: 		
0x0288	0x0CF0      	RRF        R0, 1
;__Lib_Math.c,152 :: 		
0x0289	0x1C03      	BTFSS      STATUS, 0
;__Lib_Math.c,153 :: 		
0x028A	0x2A94      	GOTO       $+10
;__Lib_Math.c,154 :: 		
0x028B	0x0874      	MOVF       R4, 0
;__Lib_Math.c,155 :: 		
0x028C	0x07F9      	ADDWF      R9, 1
;__Lib_Math.c,156 :: 		
0x028D	0x0875      	MOVF       R5, 0
;__Lib_Math.c,157 :: 		
0x028E	0x1803      	BTFSC      STATUS, 0
;__Lib_Math.c,158 :: 		
0x028F	0x0F75      	INCFSZ     R5, 0
;__Lib_Math.c,159 :: 		
0x0290	0x07FA      	ADDWF      R10, 1
;__Lib_Math.c,160 :: 		
0x0291	0x1803      	BTFSC      STATUS, 0
;__Lib_Math.c,161 :: 		
0x0292	0x0AFB      	INCF       R11, 1
;__Lib_Math.c,162 :: 		
0x0293	0x1003      	BCF        STATUS, 0
;__Lib_Math.c,163 :: 		
0x0294	0x1FF0      	BTFSS      R0, 7
;__Lib_Math.c,164 :: 		
0x0295	0x2A9C      	GOTO       $+7
;__Lib_Math.c,165 :: 		
0x0296	0x0874      	MOVF       R4, 0
;__Lib_Math.c,166 :: 		
0x0297	0x07FA      	ADDWF      R10, 1
;__Lib_Math.c,167 :: 		
0x0298	0x0875      	MOVF       R5, 0
;__Lib_Math.c,168 :: 		
0x0299	0x1803      	BTFSC      STATUS, 0
;__Lib_Math.c,169 :: 		
0x029A	0x0F75      	INCFSZ     R5, 0
;__Lib_Math.c,170 :: 		
0x029B	0x07FB      	ADDWF      R11, 1
;__Lib_Math.c,171 :: 		
0x029C	0x0CFB      	RRF        R11, 1
;__Lib_Math.c,172 :: 		
0x029D	0x0CFA      	RRF        R10, 1
;__Lib_Math.c,173 :: 		
0x029E	0x0CF9      	RRF        R9, 1
;__Lib_Math.c,174 :: 		
0x029F	0x0CF8      	RRF        R8, 1
;__Lib_Math.c,175 :: 		
0x02A0	0x1C03      	BTFSS      STATUS, 0
;__Lib_Math.c,176 :: 		
0x02A1	0x2A87      	GOTO       $-26
;__Lib_Math.c,177 :: 		
0x02A2	0x087B      	MOVF       R11, 0
;__Lib_Math.c,178 :: 		
0x02A3	0x00F3      	MOVWF      R3
;__Lib_Math.c,179 :: 		
0x02A4	0x087A      	MOVF       R10, 0
;__Lib_Math.c,180 :: 		
0x02A5	0x00F2      	MOVWF      R2
;__Lib_Math.c,181 :: 		
0x02A6	0x0879      	MOVF       R9, 0
;__Lib_Math.c,182 :: 		
0x02A7	0x00F1      	MOVWF      R1
;__Lib_Math.c,183 :: 		
0x02A8	0x0878      	MOVF       R8, 0
;__Lib_Math.c,184 :: 		
0x02A9	0x00F0      	MOVWF      R0
;__Lib_Math.c,187 :: 		
L_end_Mul_16X16_U:
0x02AA	0x0008      	RETURN
; end of _Mul_16X16_U
_Sound_Init:
;__Lib_Sound.c,11 :: 		
;__Lib_Sound.c,13 :: 		
0x02AB	0x1283      	BCF        STATUS, 5
0x02AC	0x1303      	BCF        STATUS, 6
0x02AD	0x0830      	MOVF       FARG_Sound_Init_snd_port, 0
0x02AE	0x00A3      	MOVWF      __Lib_Sound_soundPortAddr
;__Lib_Sound.c,15 :: 		
0x02AF	0x0831      	MOVF       FARG_Sound_Init_snd_pin, 0
0x02B0	0x00F1      	MOVWF      R1
0x02B1	0x3001      	MOVLW      1
0x02B2	0x00F0      	MOVWF      R0
0x02B3	0x0871      	MOVF       R1, 0
L__Sound_Init12:
0x02B4	0x1903      	BTFSC      STATUS, 2
0x02B5	0x2ABA      	GOTO       L__Sound_Init13
0x02B6	0x0DF0      	RLF        R0, 1
0x02B7	0x1070      	BCF        R0, 0
0x02B8	0x3EFF      	ADDLW      255
0x02B9	0x2AB4      	GOTO       L__Sound_Init12
L__Sound_Init13:
0x02BA	0x0870      	MOVF       R0, 0
0x02BB	0x00A1      	MOVWF      __Lib_Sound_pinMask1
;__Lib_Sound.c,16 :: 		
0x02BC	0x09F0      	COMF       R0, 1
0x02BD	0x0870      	MOVF       R0, 0
0x02BE	0x00A2      	MOVWF      __Lib_Sound_pinMask0
;__Lib_Sound.c,20 :: 		
0x02BF	0x3080      	MOVLW      128
0x02C0	0x0730      	ADDWF      FARG_Sound_Init_snd_port, 0
0x02C1	0x0084      	MOVWF      FSR
;__Lib_Sound.c,21 :: 		
0x02C2	0x0870      	MOVF       R0, 0
0x02C3	0x0580      	ANDWF      INDF, 1
;__Lib_Sound.c,22 :: 		
0x02C4	0x1384      	BCF        FSR, 7
;__Lib_Sound.c,23 :: 		
0x02C5	0x0870      	MOVF       R0, 0
0x02C6	0x0580      	ANDWF      INDF, 1
;__Lib_Sound.c,24 :: 		
L_end_Sound_Init:
0x02C7	0x0008      	RETURN
; end of _Sound_Init
_Sound_Play:
;__Lib_Sound.c,27 :: 		
;__Lib_Sound.c,31 :: 		
0x02C8	0x21E2      	CALL       _Get_Fosc_kHz
0x02C9	0x30E8      	MOVLW      232
0x02CA	0x00F4      	MOVWF      R4
0x02CB	0x3003      	MOVLW      3
0x02CC	0x00F5      	MOVWF      R4+1
0x02CD	0x01F6      	CLRF       R4+2
0x02CE	0x01F7      	CLRF       R4+3
0x02CF	0x21AB      	CALL       _Mul_32x32_U
0x02D0	0x0870      	MOVF       R0, 0
0x02D1	0x00B8      	MOVWF      Sound_Play_per_nc_L0
0x02D2	0x0871      	MOVF       R0+1, 0
0x02D3	0x00B9      	MOVWF      Sound_Play_per_nc_L0+1
0x02D4	0x0872      	MOVF       R0+2, 0
0x02D5	0x00BA      	MOVWF      Sound_Play_per_nc_L0+2
0x02D6	0x0873      	MOVF       R0+3, 0
0x02D7	0x00BB      	MOVWF      Sound_Play_per_nc_L0+3
;__Lib_Sound.c,32 :: 		
0x02D8	0x0830      	MOVF       FARG_Sound_Play_freq_in_hz, 0
0x02D9	0x00F4      	MOVWF      R4
0x02DA	0x0831      	MOVF       FARG_Sound_Play_freq_in_hz+1, 0
0x02DB	0x00F5      	MOVWF      R4+1
0x02DC	0x01F6      	CLRF       R4+2
0x02DD	0x01F7      	CLRF       R4+3
0x02DE	0x2033      	CALL       _Div_32x32_U
0x02DF	0x0870      	MOVF       R0, 0
0x02E0	0x00B8      	MOVWF      Sound_Play_per_nc_L0
0x02E1	0x0871      	MOVF       R0+1, 0
0x02E2	0x00B9      	MOVWF      Sound_Play_per_nc_L0+1
0x02E3	0x0872      	MOVF       R0+2, 0
0x02E4	0x00BA      	MOVWF      Sound_Play_per_nc_L0+2
0x02E5	0x0873      	MOVF       R0+3, 0
0x02E6	0x00BB      	MOVWF      Sound_Play_per_nc_L0+3
;__Lib_Sound.c,33 :: 		
0x02E7	0x0870      	MOVF       R0, 0
0x02E8	0x00F5      	MOVWF      R5
0x02E9	0x0871      	MOVF       R0+1, 0
0x02EA	0x00F6      	MOVWF      R5+1
0x02EB	0x0872      	MOVF       R0+2, 0
0x02EC	0x00F7      	MOVWF      R5+2
0x02ED	0x0873      	MOVF       R0+3, 0
0x02EE	0x00F8      	MOVWF      R5+3
0x02EF	0x0CF8      	RRF        R5+3, 1
0x02F0	0x0CF7      	RRF        R5+2, 1
0x02F1	0x0CF6      	RRF        R5+1, 1
0x02F2	0x0CF5      	RRF        R5, 1
0x02F3	0x13F8      	BCF        R5+3, 7
0x02F4	0x0CF8      	RRF        R5+3, 1
0x02F5	0x0CF7      	RRF        R5+2, 1
0x02F6	0x0CF6      	RRF        R5+1, 1
0x02F7	0x0CF5      	RRF        R5, 1
0x02F8	0x13F8      	BCF        R5+3, 7
0x02F9	0x0875      	MOVF       R5, 0
0x02FA	0x00F0      	MOVWF      R0
0x02FB	0x0876      	MOVF       R5+1, 0
0x02FC	0x00F1      	MOVWF      R0+1
0x02FD	0x0877      	MOVF       R5+2, 0
0x02FE	0x00F2      	MOVWF      R0+2
0x02FF	0x0878      	MOVF       R5+3, 0
0x0300	0x00F3      	MOVWF      R0+3
0x0301	0x0CF3      	RRF        R0+3, 1
0x0302	0x0CF2      	RRF        R0+2, 1
0x0303	0x0CF1      	RRF        R0+1, 1
0x0304	0x0CF0      	RRF        R0, 1
0x0305	0x13F3      	BCF        R0+3, 7
0x0306	0x0870      	MOVF       R0, 0
0x0307	0x00B4      	MOVWF      Sound_Play_nc_L0
0x0308	0x0871      	MOVF       R0+1, 0
0x0309	0x00B5      	MOVWF      Sound_Play_nc_L0+1
;__Lib_Sound.c,36 :: 		
0x030A	0x21E2      	CALL       _Get_Fosc_kHz
0x030B	0x0832      	MOVF       FARG_Sound_Play_duration_ms, 0
0x030C	0x00F4      	MOVWF      R4
0x030D	0x0833      	MOVF       FARG_Sound_Play_duration_ms+1, 0
0x030E	0x00F5      	MOVWF      R4+1
0x030F	0x01F6      	CLRF       R4+2
0x0310	0x01F7      	CLRF       R4+3
0x0311	0x21AB      	CALL       _Mul_32x32_U
0x0312	0x0834      	MOVF       Sound_Play_nc_L0, 0
0x0313	0x00F9      	MOVWF      R9
0x0314	0x0835      	MOVF       Sound_Play_nc_L0+1, 0
0x0315	0x00FA      	MOVWF      R9+1
0x0316	0x01FB      	CLRF       R9+2
0x0317	0x01FC      	CLRF       R9+3
0x0318	0x3003      	MOVLW      3
0x0319	0x00F8      	MOVWF      R8
0x031A	0x0879      	MOVF       R9, 0
0x031B	0x00F4      	MOVWF      R4
0x031C	0x087A      	MOVF       R9+1, 0
0x031D	0x00F5      	MOVWF      R4+1
0x031E	0x087B      	MOVF       R9+2, 0
0x031F	0x00F6      	MOVWF      R4+2
0x0320	0x087C      	MOVF       R9+3, 0
0x0321	0x00F7      	MOVWF      R4+3
0x0322	0x0878      	MOVF       R8, 0
L__Sound_Play15:
0x0323	0x1903      	BTFSC      STATUS, 2
0x0324	0x2B2C      	GOTO       L__Sound_Play16
0x0325	0x0DF4      	RLF        R4, 1
0x0326	0x0DF5      	RLF        R4+1, 1
0x0327	0x0DF6      	RLF        R4+2, 1
0x0328	0x0DF7      	RLF        R4+3, 1
0x0329	0x1074      	BCF        R4, 0
0x032A	0x3EFF      	ADDLW      255
0x032B	0x2B23      	GOTO       L__Sound_Play15
L__Sound_Play16:
0x032C	0x2033      	CALL       _Div_32x32_U
0x032D	0x0870      	MOVF       R0, 0
0x032E	0x00B8      	MOVWF      Sound_Play_per_nc_L0
0x032F	0x0871      	MOVF       R0+1, 0
0x0330	0x00B9      	MOVWF      Sound_Play_per_nc_L0+1
0x0331	0x0872      	MOVF       R0+2, 0
0x0332	0x00BA      	MOVWF      Sound_Play_per_nc_L0+2
0x0333	0x0873      	MOVF       R0+3, 0
0x0334	0x00BB      	MOVWF      Sound_Play_per_nc_L0+3
;__Lib_Sound.c,38 :: 		
0x0335	0x300A      	MOVLW      10
0x0336	0x00F4      	MOVWF      R4
0x0337	0x3000      	MOVLW      0
0x0338	0x00F5      	MOVWF      R4+1
0x0339	0x0834      	MOVF       Sound_Play_nc_L0, 0
0x033A	0x00F0      	MOVWF      R0
0x033B	0x0835      	MOVF       Sound_Play_nc_L0+1, 0
0x033C	0x00F1      	MOVWF      R0+1
0x033D	0x2016      	CALL       _Div_16X16_U
0x033E	0x0870      	MOVF       R0, 0
0x033F	0x00B4      	MOVWF      Sound_Play_nc_L0
0x0340	0x0871      	MOVF       R0+1, 0
0x0341	0x00B5      	MOVWF      Sound_Play_nc_L0+1
;__Lib_Sound.c,39 :: 		
0x0342	0x3000      	MOVLW      0
0x0343	0x0271      	SUBWF      R0+1, 0
0x0344	0x1D03      	BTFSS      STATUS, 2
0x0345	0x2B48      	GOTO       L__Sound_Play17
0x0346	0x3003      	MOVLW      3
0x0347	0x0270      	SUBWF      R0, 0
L__Sound_Play17:
0x0348	0x1803      	BTFSC      STATUS, 0
0x0349	0x2B4B      	GOTO       L_Sound_Play0
0x034A	0x2B98      	GOTO       L_end_Sound_Play
L_Sound_Play0:
;__Lib_Sound.c,40 :: 		
0x034B	0x0823      	MOVF       __Lib_Sound_soundPortAddr, 0
0x034C	0x0084      	MOVWF      FSR
;__Lib_Sound.c,41 :: 		
L_Sound_Play1:
0x034D	0x083B      	MOVF       Sound_Play_per_nc_L0+3, 0
0x034E	0x3C00      	SUBLW      0
0x034F	0x1D03      	BTFSS      STATUS, 2
0x0350	0x2B5B      	GOTO       L__Sound_Play18
0x0351	0x083A      	MOVF       Sound_Play_per_nc_L0+2, 0
0x0352	0x3C00      	SUBLW      0
0x0353	0x1D03      	BTFSS      STATUS, 2
0x0354	0x2B5B      	GOTO       L__Sound_Play18
0x0355	0x0839      	MOVF       Sound_Play_per_nc_L0+1, 0
0x0356	0x3C00      	SUBLW      0
0x0357	0x1D03      	BTFSS      STATUS, 2
0x0358	0x2B5B      	GOTO       L__Sound_Play18
0x0359	0x0838      	MOVF       Sound_Play_per_nc_L0, 0
0x035A	0x3C00      	SUBLW      0
L__Sound_Play18:
0x035B	0x1803      	BTFSC      STATUS, 0
0x035C	0x2B96      	GOTO       L_Sound_Play2
;__Lib_Sound.c,42 :: 		
0x035D	0x0821      	MOVF       __Lib_Sound_pinMask1, 0
0x035E	0x0480      	IORWF      INDF, 1
;__Lib_Sound.c,44 :: 		
0x035F	0x0835      	MOVF       Sound_Play_nc_L0+1, 0
0x0360	0x1903      	BTFSC      STATUS, 2
0x0361	0x2B72      	GOTO       L_Sound_Play3
;__Lib_Sound.c,45 :: 		
0x0362	0x01B6      	CLRF       Sound_Play_i_L0
0x0363	0x01B7      	CLRF       Sound_Play_i_L0+1
L_Sound_Play4:
0x0364	0x3000      	MOVLW      0
0x0365	0x0237      	SUBWF      Sound_Play_i_L0+1, 0
0x0366	0x1D03      	BTFSS      STATUS, 2
0x0367	0x2B6A      	GOTO       L__Sound_Play19
0x0368	0x0835      	MOVF       Sound_Play_nc_L0+1, 0
0x0369	0x0236      	SUBWF      Sound_Play_i_L0, 0
L__Sound_Play19:
0x036A	0x1803      	BTFSC      STATUS, 0
0x036B	0x2B72      	GOTO       L_Sound_Play5
;__Lib_Sound.c,46 :: 		
0x036C	0x01BC      	CLRF       FARG_Delay_Cyc_cycles_div_by_10
0x036D	0x2003      	CALL       _Delay_Cyc
;__Lib_Sound.c,45 :: 		
0x036E	0x0AB6      	INCF       Sound_Play_i_L0, 1
0x036F	0x1903      	BTFSC      STATUS, 2
0x0370	0x0AB7      	INCF       Sound_Play_i_L0+1, 1
;__Lib_Sound.c,47 :: 		
0x0371	0x2B64      	GOTO       L_Sound_Play4
L_Sound_Play5:
;__Lib_Sound.c,48 :: 		
L_Sound_Play3:
;__Lib_Sound.c,49 :: 		
0x0372	0x0834      	MOVF       Sound_Play_nc_L0, 0
0x0373	0x00BC      	MOVWF      FARG_Delay_Cyc_cycles_div_by_10
0x0374	0x2003      	CALL       _Delay_Cyc
;__Lib_Sound.c,51 :: 		
0x0375	0x0822      	MOVF       __Lib_Sound_pinMask0, 0
0x0376	0x0580      	ANDWF      INDF, 1
;__Lib_Sound.c,53 :: 		
0x0377	0x0835      	MOVF       Sound_Play_nc_L0+1, 0
0x0378	0x1903      	BTFSC      STATUS, 2
0x0379	0x2B8A      	GOTO       L_Sound_Play7
;__Lib_Sound.c,54 :: 		
0x037A	0x01B6      	CLRF       Sound_Play_i_L0
0x037B	0x01B7      	CLRF       Sound_Play_i_L0+1
L_Sound_Play8:
0x037C	0x3000      	MOVLW      0
0x037D	0x0237      	SUBWF      Sound_Play_i_L0+1, 0
0x037E	0x1D03      	BTFSS      STATUS, 2
0x037F	0x2B82      	GOTO       L__Sound_Play20
0x0380	0x0835      	MOVF       Sound_Play_nc_L0+1, 0
0x0381	0x0236      	SUBWF      Sound_Play_i_L0, 0
L__Sound_Play20:
0x0382	0x1803      	BTFSC      STATUS, 0
0x0383	0x2B8A      	GOTO       L_Sound_Play9
;__Lib_Sound.c,55 :: 		
0x0384	0x01BC      	CLRF       FARG_Delay_Cyc_cycles_div_by_10
0x0385	0x2003      	CALL       _Delay_Cyc
;__Lib_Sound.c,54 :: 		
0x0386	0x0AB6      	INCF       Sound_Play_i_L0, 1
0x0387	0x1903      	BTFSC      STATUS, 2
0x0388	0x0AB7      	INCF       Sound_Play_i_L0+1, 1
;__Lib_Sound.c,56 :: 		
0x0389	0x2B7C      	GOTO       L_Sound_Play8
L_Sound_Play9:
;__Lib_Sound.c,57 :: 		
L_Sound_Play7:
;__Lib_Sound.c,58 :: 		
0x038A	0x0834      	MOVF       Sound_Play_nc_L0, 0
0x038B	0x00BC      	MOVWF      FARG_Delay_Cyc_cycles_div_by_10
0x038C	0x2003      	CALL       _Delay_Cyc
;__Lib_Sound.c,60 :: 		
0x038D	0x3001      	MOVLW      1
0x038E	0x02B8      	SUBWF      Sound_Play_per_nc_L0, 1
0x038F	0x1C03      	BTFSS      STATUS, 0
0x0390	0x02B9      	SUBWF      Sound_Play_per_nc_L0+1, 1
0x0391	0x1C03      	BTFSS      STATUS, 0
0x0392	0x02BA      	SUBWF      Sound_Play_per_nc_L0+2, 1
0x0393	0x1C03      	BTFSS      STATUS, 0
0x0394	0x02BB      	SUBWF      Sound_Play_per_nc_L0+3, 1
;__Lib_Sound.c,62 :: 		
0x0395	0x2B4D      	GOTO       L_Sound_Play1
L_Sound_Play2:
;__Lib_Sound.c,63 :: 		
0x0396	0x0822      	MOVF       __Lib_Sound_pinMask0, 0
0x0397	0x0580      	ANDWF      INDF, 1
;__Lib_Sound.c,64 :: 		
L_end_Sound_Play:
0x0398	0x0008      	RETURN
; end of _Sound_Play
_____DoICP:
;__Lib_System.c,6 :: 		
;__Lib_System.c,9 :: 		
0x0399	0x1283      	BCF        STATUS, 5
0x039A	0x1303      	BCF        STATUS, 6
0x039B	0x0825      	MOVF       ___DoICPAddr+1, 0
0x039C	0x008A      	MOVWF      PCLATH
;__Lib_System.c,10 :: 		
0x039D	0x0824      	MOVF       ___DoICPAddr, 0
0x039E	0x0082      	MOVWF      PCL
;__Lib_System.c,12 :: 		
L_end_____DoICP:
0x039F	0x0008      	RETURN
; end of _____DoICP
_reproducir_cancion:
;MusicMachineSongs.c,11 :: 		void reproducir_cancion(const int *cancion, unsigned short cantidad_notas)
;MusicMachineSongs.c,16 :: 		for (i = 0; i < cantidad_notas * 2; i += 2)
0x03A0	0x1283      	BCF        STATUS, 5
0x03A1	0x1303      	BCF        STATUS, 6
0x03A2	0x01AE      	CLRF       reproducir_cancion_i_L0
0x03A3	0x01AF      	CLRF       reproducir_cancion_i_L0+1
L_reproducir_cancion0:
0x03A4	0x0829      	MOVF       FARG_reproducir_cancion_cantidad_notas, 0
0x03A5	0x00F1      	MOVWF      R1
0x03A6	0x01F2      	CLRF       R1+1
0x03A7	0x0DF1      	RLF        R1, 1
0x03A8	0x0DF2      	RLF        R1+1, 1
0x03A9	0x1071      	BCF        R1, 0
0x03AA	0x3080      	MOVLW      128
0x03AB	0x062F      	XORWF      reproducir_cancion_i_L0+1, 0
0x03AC	0x00F0      	MOVWF      R0
0x03AD	0x3080      	MOVLW      128
0x03AE	0x0672      	XORWF      R1+1, 0
0x03AF	0x0270      	SUBWF      R0, 0
0x03B0	0x1D03      	BTFSS      STATUS, 2
0x03B1	0x2BB4      	GOTO       L__reproducir_cancion14
0x03B2	0x0871      	MOVF       R1, 0
0x03B3	0x022E      	SUBWF      reproducir_cancion_i_L0, 0
L__reproducir_cancion14:
0x03B4	0x1803      	BTFSC      STATUS, 0
0x03B5	0x2C3C      	GOTO       L_reproducir_cancion1
;MusicMachineSongs.c,18 :: 		div_tempo = cancion[i+1];
0x03B6	0x082E      	MOVF       reproducir_cancion_i_L0, 0
0x03B7	0x3E01      	ADDLW      1
0x03B8	0x00F3      	MOVWF      R3
0x03B9	0x3000      	MOVLW      0
0x03BA	0x1803      	BTFSC      STATUS, 0
0x03BB	0x3E01      	ADDLW      1
0x03BC	0x072F      	ADDWF      reproducir_cancion_i_L0+1, 0
0x03BD	0x00F4      	MOVWF      R3+1
0x03BE	0x0873      	MOVF       R3, 0
0x03BF	0x00F0      	MOVWF      R0
0x03C0	0x0874      	MOVF       R3+1, 0
0x03C1	0x00F1      	MOVWF      R0+1
0x03C2	0x0DF0      	RLF        R0, 1
0x03C3	0x0DF1      	RLF        R0+1, 1
0x03C4	0x1070      	BCF        R0, 0
0x03C5	0x0827      	MOVF       FARG_reproducir_cancion_cancion, 0
0x03C6	0x07F0      	ADDWF      R0, 1
0x03C7	0x0828      	MOVF       FARG_reproducir_cancion_cancion+1, 0
0x03C8	0x1803      	BTFSC      STATUS, 0
0x03C9	0x3E01      	ADDLW      1
0x03CA	0x07F1      	ADDWF      R0+1, 1
0x03CB	0x0870      	MOVF       R0, 0
0x03CC	0x00A4      	MOVWF      ___DoICPAddr
0x03CD	0x0871      	MOVF       R0+1, 0
0x03CE	0x00A5      	MOVWF      ___DoICPAddr+1
0x03CF	0x2399      	CALL       _____DoICP
0x03D0	0x118A      	BCF        PCLATH, 3
0x03D1	0x120A      	BCF        PCLATH, 4
0x03D2	0x00F2      	MOVWF      R2
0x03D3	0x0AA4      	INCF       ___DoICPAddr, 1
0x03D4	0x1903      	BTFSC      STATUS, 2
0x03D5	0x0AA5      	INCF       ___DoICPAddr+1, 1
0x03D6	0x2399      	CALL       _____DoICP
0x03D7	0x118A      	BCF        PCLATH, 3
0x03D8	0x120A      	BCF        PCLATH, 4
0x03D9	0x00F3      	MOVWF      R2+1
0x03DA	0x0872      	MOVF       R2, 0
0x03DB	0x00AA      	MOVWF      reproducir_cancion_div_tempo_L0
0x03DC	0x0873      	MOVF       R2+1, 0
0x03DD	0x00AB      	MOVWF      reproducir_cancion_div_tempo_L0+1
;MusicMachineSongs.c,19 :: 		mult_tempo = 1;
0x03DE	0x3001      	MOVLW      1
0x03DF	0x00AC      	MOVWF      reproducir_cancion_mult_tempo_L0
0x03E0	0x3000      	MOVLW      0
0x03E1	0x00AD      	MOVWF      reproducir_cancion_mult_tempo_L0+1
;MusicMachineSongs.c,20 :: 		if (div_tempo < 0)
0x03E2	0x3080      	MOVLW      128
0x03E3	0x0673      	XORWF      R2+1, 0
0x03E4	0x00F0      	MOVWF      R0
0x03E5	0x3080      	MOVLW      128
0x03E6	0x0270      	SUBWF      R0, 0
0x03E7	0x1D03      	BTFSS      STATUS, 2
0x03E8	0x2BEB      	GOTO       L__reproducir_cancion15
0x03E9	0x3000      	MOVLW      0
0x03EA	0x0272      	SUBWF      R2, 0
L__reproducir_cancion15:
0x03EB	0x1803      	BTFSC      STATUS, 0
0x03EC	0x2BFE      	GOTO       L_reproducir_cancion3
;MusicMachineSongs.c,22 :: 		div_tempo *= -2;
0x03ED	0x082A      	MOVF       reproducir_cancion_div_tempo_L0, 0
0x03EE	0x00F0      	MOVWF      R0
0x03EF	0x082B      	MOVF       reproducir_cancion_div_tempo_L0+1, 0
0x03F0	0x00F1      	MOVWF      R0+1
0x03F1	0x30FE      	MOVLW      254
0x03F2	0x00F4      	MOVWF      R4
0x03F3	0x30FF      	MOVLW      255
0x03F4	0x00F5      	MOVWF      R4+1
0x03F5	0x2280      	CALL       _Mul_16X16_U
0x03F6	0x0870      	MOVF       R0, 0
0x03F7	0x00AA      	MOVWF      reproducir_cancion_div_tempo_L0
0x03F8	0x0871      	MOVF       R0+1, 0
0x03F9	0x00AB      	MOVWF      reproducir_cancion_div_tempo_L0+1
;MusicMachineSongs.c,23 :: 		mult_tempo = 3;
0x03FA	0x3003      	MOVLW      3
0x03FB	0x00AC      	MOVWF      reproducir_cancion_mult_tempo_L0
0x03FC	0x3000      	MOVLW      0
0x03FD	0x00AD      	MOVWF      reproducir_cancion_mult_tempo_L0+1
;MusicMachineSongs.c,24 :: 		}
L_reproducir_cancion3:
;MusicMachineSongs.c,25 :: 		Sound_Play(cancion[i], (mult_tempo*1500)/div_tempo);
0x03FE	0x082E      	MOVF       reproducir_cancion_i_L0, 0
0x03FF	0x00F0      	MOVWF      R0
0x0400	0x082F      	MOVF       reproducir_cancion_i_L0+1, 0
0x0401	0x00F1      	MOVWF      R0+1
0x0402	0x0DF0      	RLF        R0, 1
0x0403	0x0DF1      	RLF        R0+1, 1
0x0404	0x1070      	BCF        R0, 0
0x0405	0x0827      	MOVF       FARG_reproducir_cancion_cancion, 0
0x0406	0x07F0      	ADDWF      R0, 1
0x0407	0x0828      	MOVF       FARG_reproducir_cancion_cancion+1, 0
0x0408	0x1803      	BTFSC      STATUS, 0
0x0409	0x3E01      	ADDLW      1
0x040A	0x07F1      	ADDWF      R0+1, 1
0x040B	0x0870      	MOVF       R0, 0
0x040C	0x00A4      	MOVWF      ___DoICPAddr
0x040D	0x0871      	MOVF       R0+1, 0
0x040E	0x00A5      	MOVWF      ___DoICPAddr+1
0x040F	0x2399      	CALL       _____DoICP
0x0410	0x118A      	BCF        PCLATH, 3
0x0411	0x120A      	BCF        PCLATH, 4
0x0412	0x00B0      	MOVWF      FARG_Sound_Play_freq_in_hz
0x0413	0x0AA4      	INCF       ___DoICPAddr, 1
0x0414	0x1903      	BTFSC      STATUS, 2
0x0415	0x0AA5      	INCF       ___DoICPAddr+1, 1
0x0416	0x2399      	CALL       _____DoICP
0x0417	0x118A      	BCF        PCLATH, 3
0x0418	0x120A      	BCF        PCLATH, 4
0x0419	0x00B1      	MOVWF      FARG_Sound_Play_freq_in_hz+1
0x041A	0x082C      	MOVF       reproducir_cancion_mult_tempo_L0, 0
0x041B	0x00F0      	MOVWF      R0
0x041C	0x082D      	MOVF       reproducir_cancion_mult_tempo_L0+1, 0
0x041D	0x00F1      	MOVWF      R0+1
0x041E	0x30DC      	MOVLW      220
0x041F	0x00F4      	MOVWF      R4
0x0420	0x3005      	MOVLW      5
0x0421	0x00F5      	MOVWF      R4+1
0x0422	0x2280      	CALL       _Mul_16X16_U
0x0423	0x082A      	MOVF       reproducir_cancion_div_tempo_L0, 0
0x0424	0x00F4      	MOVWF      R4
0x0425	0x082B      	MOVF       reproducir_cancion_div_tempo_L0+1, 0
0x0426	0x00F5      	MOVWF      R4+1
0x0427	0x2217      	CALL       _Div_16x16_S
0x0428	0x0870      	MOVF       R0, 0
0x0429	0x00B2      	MOVWF      FARG_Sound_Play_duration_ms
0x042A	0x0871      	MOVF       R0+1, 0
0x042B	0x00B3      	MOVWF      FARG_Sound_Play_duration_ms+1
0x042C	0x22C8      	CALL       _Sound_Play
;MusicMachineSongs.c,26 :: 		delay_ms(5);
0x042D	0x300D      	MOVLW      13
0x042E	0x00FC      	MOVWF      R12
0x042F	0x30FB      	MOVLW      251
0x0430	0x00FD      	MOVWF      R13
L_reproducir_cancion4:
0x0431	0x0BFD      	DECFSZ     R13, 1
0x0432	0x2C31      	GOTO       L_reproducir_cancion4
0x0433	0x0BFC      	DECFSZ     R12, 1
0x0434	0x2C31      	GOTO       L_reproducir_cancion4
0x0435	0x0000      	NOP
0x0436	0x0000      	NOP
;MusicMachineSongs.c,16 :: 		for (i = 0; i < cantidad_notas * 2; i += 2)
0x0437	0x3002      	MOVLW      2
0x0438	0x07AE      	ADDWF      reproducir_cancion_i_L0, 1
0x0439	0x1803      	BTFSC      STATUS, 0
0x043A	0x0AAF      	INCF       reproducir_cancion_i_L0+1, 1
;MusicMachineSongs.c,27 :: 		}
0x043B	0x2BA4      	GOTO       L_reproducir_cancion0
L_reproducir_cancion1:
;MusicMachineSongs.c,28 :: 		}
L_end_reproducir_cancion:
0x043C	0x0008      	RETURN
; end of _reproducir_cancion
_configurar_pines:
;MusicMachineSongs.c,5 :: 		void configurar_pines()
;MusicMachineSongs.c,7 :: 		TRISC = 0b11001110;
0x043D	0x30CE      	MOVLW      206
0x043E	0x1683      	BSF        STATUS, 5
0x043F	0x1303      	BCF        STATUS, 6
0x0440	0x0087      	MOVWF      TRISC
;MusicMachineSongs.c,8 :: 		Sound_Init(&PORTC, 0);
0x0441	0x3007      	MOVLW      PORTC
0x0442	0x1283      	BCF        STATUS, 5
0x0443	0x00B0      	MOVWF      FARG_Sound_Init_snd_port
0x0444	0x01B1      	CLRF       FARG_Sound_Init_snd_pin
0x0445	0x22AB      	CALL       _Sound_Init
;MusicMachineSongs.c,9 :: 		}
L_end_configurar_pines:
0x0446	0x0008      	RETURN
; end of _configurar_pines
_main:
;MusicMachineSongs.c,30 :: 		void main() {
;MusicMachineSongs.c,32 :: 		configurar_pines();
0x0447	0x243D      	CALL       _configurar_pines
;MusicMachineSongs.c,34 :: 		while (1)
L_main5:
;MusicMachineSongs.c,36 :: 		PORTC &=~ 0b11 << 4;
0x0448	0x30C0      	MOVLW      192
0x0449	0x0587      	ANDWF      PORTC, 1
;MusicMachineSongs.c,38 :: 		switch ((PORTC >> 1) & 0b111)
0x044A	0x0807      	MOVF       PORTC, 0
0x044B	0x00F0      	MOVWF      R0
0x044C	0x0CF0      	RRF        R0, 1
0x044D	0x13F0      	BCF        R0, 7
0x044E	0x3007      	MOVLW      7
0x044F	0x0570      	ANDWF      R0, 0
0x0450	0x00A6      	MOVWF      FLOC__main
0x0451	0x2C6E      	GOTO       L_main7
;MusicMachineSongs.c,40 :: 		case 0b001:
L_main9:
;MusicMachineSongs.c,41 :: 		PORTC |= 0b01 << 4;
0x0452	0x1607      	BSF        PORTC, 4
;MusicMachineSongs.c,42 :: 		PLAY(CANCION_1);
0x0453	0x30FC      	MOVLW      _TETRIS
0x0454	0x00A7      	MOVWF      FARG_reproducir_cancion_cancion
0x0455	0x3005      	MOVLW      hi_addr(_TETRIS)
0x0456	0x00A8      	MOVWF      FARG_reproducir_cancion_cancion+1
0x0457	0x3037      	MOVLW      55
0x0458	0x00A9      	MOVWF      FARG_reproducir_cancion_cantidad_notas
0x0459	0x23A0      	CALL       _reproducir_cancion
;MusicMachineSongs.c,43 :: 		break;
0x045A	0x2C7A      	GOTO       L_main8
;MusicMachineSongs.c,44 :: 		case 0b010:
L_main10:
;MusicMachineSongs.c,45 :: 		PORTC |= 0b10 << 4;
0x045B	0x1687      	BSF        PORTC, 5
;MusicMachineSongs.c,46 :: 		PLAY(CANCION_2);
0x045C	0x307C      	MOVLW      _TAKE_ON_ME_INTRO
0x045D	0x00A7      	MOVWF      FARG_reproducir_cancion_cancion
0x045E	0x3004      	MOVLW      hi_addr(_TAKE_ON_ME_INTRO)
0x045F	0x00A8      	MOVWF      FARG_reproducir_cancion_cancion+1
0x0460	0x3060      	MOVLW      96
0x0461	0x00A9      	MOVWF      FARG_reproducir_cancion_cantidad_notas
0x0462	0x23A0      	CALL       _reproducir_cancion
;MusicMachineSongs.c,47 :: 		break;
0x0463	0x2C7A      	GOTO       L_main8
;MusicMachineSongs.c,48 :: 		case 0b100:
L_main11:
;MusicMachineSongs.c,49 :: 		PORTC |= 0b11 << 4;
0x0464	0x3030      	MOVLW      48
0x0465	0x0487      	IORWF      PORTC, 1
;MusicMachineSongs.c,50 :: 		PLAY(CANCION_3);
0x0466	0x30D8      	MOVLW      _HAPPY_BIRTHDAY
0x0467	0x00A7      	MOVWF      FARG_reproducir_cancion_cancion
0x0468	0x3006      	MOVLW      hi_addr(_HAPPY_BIRTHDAY)
0x0469	0x00A8      	MOVWF      FARG_reproducir_cancion_cancion+1
0x046A	0x3019      	MOVLW      25
0x046B	0x00A9      	MOVWF      FARG_reproducir_cancion_cantidad_notas
0x046C	0x23A0      	CALL       _reproducir_cancion
;MusicMachineSongs.c,51 :: 		break;
0x046D	0x2C7A      	GOTO       L_main8
;MusicMachineSongs.c,52 :: 		}
L_main7:
0x046E	0x0826      	MOVF       FLOC__main, 0
0x046F	0x3A01      	XORLW      1
0x0470	0x1903      	BTFSC      STATUS, 2
0x0471	0x2C52      	GOTO       L_main9
0x0472	0x0826      	MOVF       FLOC__main, 0
0x0473	0x3A02      	XORLW      2
0x0474	0x1903      	BTFSC      STATUS, 2
0x0475	0x2C5B      	GOTO       L_main10
0x0476	0x0826      	MOVF       FLOC__main, 0
0x0477	0x3A04      	XORLW      4
0x0478	0x1903      	BTFSC      STATUS, 2
0x0479	0x2C64      	GOTO       L_main11
L_main8:
;MusicMachineSongs.c,53 :: 		}
0x047A	0x2C48      	GOTO       L_main5
;MusicMachineSongs.c,55 :: 		}
L_end_main:
0x047B	0x2C7B      	GOTO       $+0
; end of _main
;MusicMachineSongs.c,33 :: _TAKE_ON_ME_INTRO
0x047C	0x34E4 ;_TAKE_ON_ME_INTRO+0
0x047D	0x3402 ;_TAKE_ON_ME_INTRO+1
0x047E	0x3408 ;_TAKE_ON_ME_INTRO+2
0x047F	0x3400 ;_TAKE_ON_ME_INTRO+3
0x0480	0x34E4 ;_TAKE_ON_ME_INTRO+4
0x0481	0x3402 ;_TAKE_ON_ME_INTRO+5
0x0482	0x3408 ;_TAKE_ON_ME_INTRO+6
0x0483	0x3400 ;_TAKE_ON_ME_INTRO+7
0x0484	0x344B ;_TAKE_ON_ME_INTRO+8
0x0485	0x3402 ;_TAKE_ON_ME_INTRO+9
0x0486	0x3408 ;_TAKE_ON_ME_INTRO+10
0x0487	0x3400 ;_TAKE_ON_ME_INTRO+11
0x0488	0x34EE ;_TAKE_ON_ME_INTRO+12
0x0489	0x3401 ;_TAKE_ON_ME_INTRO+13
0x048A	0x3408 ;_TAKE_ON_ME_INTRO+14
0x048B	0x3400 ;_TAKE_ON_ME_INTRO+15
0x048C	0x3401 ;_TAKE_ON_ME_INTRO+16
0x048D	0x3400 ;_TAKE_ON_ME_INTRO+17
0x048E	0x3408 ;_TAKE_ON_ME_INTRO+18
0x048F	0x3400 ;_TAKE_ON_ME_INTRO+19
0x0490	0x34EE ;_TAKE_ON_ME_INTRO+20
0x0491	0x3401 ;_TAKE_ON_ME_INTRO+21
0x0492	0x3408 ;_TAKE_ON_ME_INTRO+22
0x0493	0x3400 ;_TAKE_ON_ME_INTRO+23
0x0494	0x3401 ;_TAKE_ON_ME_INTRO+24
0x0495	0x3400 ;_TAKE_ON_ME_INTRO+25
0x0496	0x3408 ;_TAKE_ON_ME_INTRO+26
0x0497	0x3400 ;_TAKE_ON_ME_INTRO+27
0x0498	0x3493 ;_TAKE_ON_ME_INTRO+28
0x0499	0x3402 ;_TAKE_ON_ME_INTRO+29
0x049A	0x3408 ;_TAKE_ON_ME_INTRO+30
0x049B	0x3400 ;_TAKE_ON_ME_INTRO+31
0x049C	0x3401 ;_TAKE_ON_ME_INTRO+32
0x049D	0x3400 ;_TAKE_ON_ME_INTRO+33
0x049E	0x3408 ;_TAKE_ON_ME_INTRO+34
0x049F	0x3400 ;_TAKE_ON_ME_INTRO+35
0x04A0	0x3493 ;_TAKE_ON_ME_INTRO+36
0x04A1	0x3402 ;_TAKE_ON_ME_INTRO+37
0x04A2	0x3408 ;_TAKE_ON_ME_INTRO+38
0x04A3	0x3400 ;_TAKE_ON_ME_INTRO+39
0x04A4	0x3401 ;_TAKE_ON_ME_INTRO+40
0x04A5	0x3400 ;_TAKE_ON_ME_INTRO+41
0x04A6	0x3408 ;_TAKE_ON_ME_INTRO+42
0x04A7	0x3400 ;_TAKE_ON_ME_INTRO+43
0x04A8	0x3493 ;_TAKE_ON_ME_INTRO+44
0x04A9	0x3402 ;_TAKE_ON_ME_INTRO+45
0x04AA	0x3408 ;_TAKE_ON_ME_INTRO+46
0x04AB	0x3400 ;_TAKE_ON_ME_INTRO+47
0x04AC	0x343F ;_TAKE_ON_ME_INTRO+48
0x04AD	0x3403 ;_TAKE_ON_ME_INTRO+49
0x04AE	0x3408 ;_TAKE_ON_ME_INTRO+50
0x04AF	0x3400 ;_TAKE_ON_ME_INTRO+51
0x04B0	0x343F ;_TAKE_ON_ME_INTRO+52
0x04B1	0x3403 ;_TAKE_ON_ME_INTRO+53
0x04B2	0x3408 ;_TAKE_ON_ME_INTRO+54
0x04B3	0x3400 ;_TAKE_ON_ME_INTRO+55
0x04B4	0x3470 ;_TAKE_ON_ME_INTRO+56
0x04B5	0x3403 ;_TAKE_ON_ME_INTRO+57
0x04B6	0x3408 ;_TAKE_ON_ME_INTRO+58
0x04B7	0x3400 ;_TAKE_ON_ME_INTRO+59
0x04B8	0x34DC ;_TAKE_ON_ME_INTRO+60
0x04B9	0x3403 ;_TAKE_ON_ME_INTRO+61
0x04BA	0x3408 ;_TAKE_ON_ME_INTRO+62
0x04BB	0x3400 ;_TAKE_ON_ME_INTRO+63
0x04BC	0x3470 ;_TAKE_ON_ME_INTRO+64
0x04BD	0x3403 ;_TAKE_ON_ME_INTRO+65
0x04BE	0x3408 ;_TAKE_ON_ME_INTRO+66
0x04BF	0x3400 ;_TAKE_ON_ME_INTRO+67
0x04C0	0x3470 ;_TAKE_ON_ME_INTRO+68
0x04C1	0x3403 ;_TAKE_ON_ME_INTRO+69
0x04C2	0x3408 ;_TAKE_ON_ME_INTRO+70
0x04C3	0x3400 ;_TAKE_ON_ME_INTRO+71
0x04C4	0x3470 ;_TAKE_ON_ME_INTRO+72
0x04C5	0x3403 ;_TAKE_ON_ME_INTRO+73
0x04C6	0x3408 ;_TAKE_ON_ME_INTRO+74
0x04C7	0x3400 ;_TAKE_ON_ME_INTRO+75
0x04C8	0x3493 ;_TAKE_ON_ME_INTRO+76
0x04C9	0x3402 ;_TAKE_ON_ME_INTRO+77
0x04CA	0x3408 ;_TAKE_ON_ME_INTRO+78
0x04CB	0x3400 ;_TAKE_ON_ME_INTRO+79
0x04CC	0x3401 ;_TAKE_ON_ME_INTRO+80
0x04CD	0x3400 ;_TAKE_ON_ME_INTRO+81
0x04CE	0x3408 ;_TAKE_ON_ME_INTRO+82
0x04CF	0x3400 ;_TAKE_ON_ME_INTRO+83
0x04D0	0x344B ;_TAKE_ON_ME_INTRO+84
0x04D1	0x3402 ;_TAKE_ON_ME_INTRO+85
0x04D2	0x3408 ;_TAKE_ON_ME_INTRO+86
0x04D3	0x3400 ;_TAKE_ON_ME_INTRO+87
0x04D4	0x3401 ;_TAKE_ON_ME_INTRO+88
0x04D5	0x3400 ;_TAKE_ON_ME_INTRO+89
0x04D6	0x3408 ;_TAKE_ON_ME_INTRO+90
0x04D7	0x3400 ;_TAKE_ON_ME_INTRO+91
0x04D8	0x34E4 ;_TAKE_ON_ME_INTRO+92
0x04D9	0x3402 ;_TAKE_ON_ME_INTRO+93
0x04DA	0x3408 ;_TAKE_ON_ME_INTRO+94
0x04DB	0x3400 ;_TAKE_ON_ME_INTRO+95
0x04DC	0x3401 ;_TAKE_ON_ME_INTRO+96
0x04DD	0x3400 ;_TAKE_ON_ME_INTRO+97
0x04DE	0x3408 ;_TAKE_ON_ME_INTRO+98
0x04DF	0x3400 ;_TAKE_ON_ME_INTRO+99
0x04E0	0x34E4 ;_TAKE_ON_ME_INTRO+100
0x04E1	0x3402 ;_TAKE_ON_ME_INTRO+101
0x04E2	0x3408 ;_TAKE_ON_ME_INTRO+102
0x04E3	0x3400 ;_TAKE_ON_ME_INTRO+103
0x04E4	0x3401 ;_TAKE_ON_ME_INTRO+104
0x04E5	0x3400 ;_TAKE_ON_ME_INTRO+105
0x04E6	0x3408 ;_TAKE_ON_ME_INTRO+106
0x04E7	0x3400 ;_TAKE_ON_ME_INTRO+107
0x04E8	0x34E4 ;_TAKE_ON_ME_INTRO+108
0x04E9	0x3402 ;_TAKE_ON_ME_INTRO+109
0x04EA	0x3408 ;_TAKE_ON_ME_INTRO+110
0x04EB	0x3400 ;_TAKE_ON_ME_INTRO+111
0x04EC	0x3493 ;_TAKE_ON_ME_INTRO+112
0x04ED	0x3402 ;_TAKE_ON_ME_INTRO+113
0x04EE	0x3408 ;_TAKE_ON_ME_INTRO+114
0x04EF	0x3400 ;_TAKE_ON_ME_INTRO+115
0x04F0	0x3493 ;_TAKE_ON_ME_INTRO+116
0x04F1	0x3402 ;_TAKE_ON_ME_INTRO+117
0x04F2	0x3408 ;_TAKE_ON_ME_INTRO+118
0x04F3	0x3400 ;_TAKE_ON_ME_INTRO+119
0x04F4	0x34E4 ;_TAKE_ON_ME_INTRO+120
0x04F5	0x3402 ;_TAKE_ON_ME_INTRO+121
0x04F6	0x3408 ;_TAKE_ON_ME_INTRO+122
0x04F7	0x3400 ;_TAKE_ON_ME_INTRO+123
0x04F8	0x3493 ;_TAKE_ON_ME_INTRO+124
0x04F9	0x3402 ;_TAKE_ON_ME_INTRO+125
0x04FA	0x3408 ;_TAKE_ON_ME_INTRO+126
0x04FB	0x3400 ;_TAKE_ON_ME_INTRO+127
0x04FC	0x34E4 ;_TAKE_ON_ME_INTRO+128
0x04FD	0x3402 ;_TAKE_ON_ME_INTRO+129
0x04FE	0x3408 ;_TAKE_ON_ME_INTRO+130
0x04FF	0x3400 ;_TAKE_ON_ME_INTRO+131
0x0500	0x34E4 ;_TAKE_ON_ME_INTRO+132
0x0501	0x3402 ;_TAKE_ON_ME_INTRO+133
0x0502	0x3408 ;_TAKE_ON_ME_INTRO+134
0x0503	0x3400 ;_TAKE_ON_ME_INTRO+135
0x0504	0x344B ;_TAKE_ON_ME_INTRO+136
0x0505	0x3402 ;_TAKE_ON_ME_INTRO+137
0x0506	0x3408 ;_TAKE_ON_ME_INTRO+138
0x0507	0x3400 ;_TAKE_ON_ME_INTRO+139
0x0508	0x34EE ;_TAKE_ON_ME_INTRO+140
0x0509	0x3401 ;_TAKE_ON_ME_INTRO+141
0x050A	0x3408 ;_TAKE_ON_ME_INTRO+142
0x050B	0x3400 ;_TAKE_ON_ME_INTRO+143
0x050C	0x3401 ;_TAKE_ON_ME_INTRO+144
0x050D	0x3400 ;_TAKE_ON_ME_INTRO+145
0x050E	0x3408 ;_TAKE_ON_ME_INTRO+146
0x050F	0x3400 ;_TAKE_ON_ME_INTRO+147
0x0510	0x34EE ;_TAKE_ON_ME_INTRO+148
0x0511	0x3401 ;_TAKE_ON_ME_INTRO+149
0x0512	0x3408 ;_TAKE_ON_ME_INTRO+150
0x0513	0x3400 ;_TAKE_ON_ME_INTRO+151
0x0514	0x3401 ;_TAKE_ON_ME_INTRO+152
0x0515	0x3400 ;_TAKE_ON_ME_INTRO+153
0x0516	0x3408 ;_TAKE_ON_ME_INTRO+154
0x0517	0x3400 ;_TAKE_ON_ME_INTRO+155
0x0518	0x3493 ;_TAKE_ON_ME_INTRO+156
0x0519	0x3402 ;_TAKE_ON_ME_INTRO+157
0x051A	0x3408 ;_TAKE_ON_ME_INTRO+158
0x051B	0x3400 ;_TAKE_ON_ME_INTRO+159
0x051C	0x3401 ;_TAKE_ON_ME_INTRO+160
0x051D	0x3400 ;_TAKE_ON_ME_INTRO+161
0x051E	0x3408 ;_TAKE_ON_ME_INTRO+162
0x051F	0x3400 ;_TAKE_ON_ME_INTRO+163
0x0520	0x3493 ;_TAKE_ON_ME_INTRO+164
0x0521	0x3402 ;_TAKE_ON_ME_INTRO+165
0x0522	0x3408 ;_TAKE_ON_ME_INTRO+166
0x0523	0x3400 ;_TAKE_ON_ME_INTRO+167
0x0524	0x3401 ;_TAKE_ON_ME_INTRO+168
0x0525	0x3400 ;_TAKE_ON_ME_INTRO+169
0x0526	0x3408 ;_TAKE_ON_ME_INTRO+170
0x0527	0x3400 ;_TAKE_ON_ME_INTRO+171
0x0528	0x3493 ;_TAKE_ON_ME_INTRO+172
0x0529	0x3402 ;_TAKE_ON_ME_INTRO+173
0x052A	0x3408 ;_TAKE_ON_ME_INTRO+174
0x052B	0x3400 ;_TAKE_ON_ME_INTRO+175
0x052C	0x343F ;_TAKE_ON_ME_INTRO+176
0x052D	0x3403 ;_TAKE_ON_ME_INTRO+177
0x052E	0x3408 ;_TAKE_ON_ME_INTRO+178
0x052F	0x3400 ;_TAKE_ON_ME_INTRO+179
0x0530	0x343F ;_TAKE_ON_ME_INTRO+180
0x0531	0x3403 ;_TAKE_ON_ME_INTRO+181
0x0532	0x3408 ;_TAKE_ON_ME_INTRO+182
0x0533	0x3400 ;_TAKE_ON_ME_INTRO+183
0x0534	0x3470 ;_TAKE_ON_ME_INTRO+184
0x0535	0x3403 ;_TAKE_ON_ME_INTRO+185
0x0536	0x3408 ;_TAKE_ON_ME_INTRO+186
0x0537	0x3400 ;_TAKE_ON_ME_INTRO+187
0x0538	0x34DC ;_TAKE_ON_ME_INTRO+188
0x0539	0x3403 ;_TAKE_ON_ME_INTRO+189
0x053A	0x3408 ;_TAKE_ON_ME_INTRO+190
0x053B	0x3400 ;_TAKE_ON_ME_INTRO+191
0x053C	0x3470 ;_TAKE_ON_ME_INTRO+192
0x053D	0x3403 ;_TAKE_ON_ME_INTRO+193
0x053E	0x3408 ;_TAKE_ON_ME_INTRO+194
0x053F	0x3400 ;_TAKE_ON_ME_INTRO+195
0x0540	0x3470 ;_TAKE_ON_ME_INTRO+196
0x0541	0x3403 ;_TAKE_ON_ME_INTRO+197
0x0542	0x3408 ;_TAKE_ON_ME_INTRO+198
0x0543	0x3400 ;_TAKE_ON_ME_INTRO+199
0x0544	0x3470 ;_TAKE_ON_ME_INTRO+200
0x0545	0x3403 ;_TAKE_ON_ME_INTRO+201
0x0546	0x3408 ;_TAKE_ON_ME_INTRO+202
0x0547	0x3400 ;_TAKE_ON_ME_INTRO+203
0x0548	0x3493 ;_TAKE_ON_ME_INTRO+204
0x0549	0x3402 ;_TAKE_ON_ME_INTRO+205
0x054A	0x3408 ;_TAKE_ON_ME_INTRO+206
0x054B	0x3400 ;_TAKE_ON_ME_INTRO+207
0x054C	0x3401 ;_TAKE_ON_ME_INTRO+208
0x054D	0x3400 ;_TAKE_ON_ME_INTRO+209
0x054E	0x3408 ;_TAKE_ON_ME_INTRO+210
0x054F	0x3400 ;_TAKE_ON_ME_INTRO+211
0x0550	0x344B ;_TAKE_ON_ME_INTRO+212
0x0551	0x3402 ;_TAKE_ON_ME_INTRO+213
0x0552	0x3408 ;_TAKE_ON_ME_INTRO+214
0x0553	0x3400 ;_TAKE_ON_ME_INTRO+215
0x0554	0x3401 ;_TAKE_ON_ME_INTRO+216
0x0555	0x3400 ;_TAKE_ON_ME_INTRO+217
0x0556	0x3408 ;_TAKE_ON_ME_INTRO+218
0x0557	0x3400 ;_TAKE_ON_ME_INTRO+219
0x0558	0x34E4 ;_TAKE_ON_ME_INTRO+220
0x0559	0x3402 ;_TAKE_ON_ME_INTRO+221
0x055A	0x3408 ;_TAKE_ON_ME_INTRO+222
0x055B	0x3400 ;_TAKE_ON_ME_INTRO+223
0x055C	0x3401 ;_TAKE_ON_ME_INTRO+224
0x055D	0x3400 ;_TAKE_ON_ME_INTRO+225
0x055E	0x3408 ;_TAKE_ON_ME_INTRO+226
0x055F	0x3400 ;_TAKE_ON_ME_INTRO+227
0x0560	0x34E4 ;_TAKE_ON_ME_INTRO+228
0x0561	0x3402 ;_TAKE_ON_ME_INTRO+229
0x0562	0x3408 ;_TAKE_ON_ME_INTRO+230
0x0563	0x3400 ;_TAKE_ON_ME_INTRO+231
0x0564	0x3401 ;_TAKE_ON_ME_INTRO+232
0x0565	0x3400 ;_TAKE_ON_ME_INTRO+233
0x0566	0x3408 ;_TAKE_ON_ME_INTRO+234
0x0567	0x3400 ;_TAKE_ON_ME_INTRO+235
0x0568	0x34E4 ;_TAKE_ON_ME_INTRO+236
0x0569	0x3402 ;_TAKE_ON_ME_INTRO+237
0x056A	0x3408 ;_TAKE_ON_ME_INTRO+238
0x056B	0x3400 ;_TAKE_ON_ME_INTRO+239
0x056C	0x3493 ;_TAKE_ON_ME_INTRO+240
0x056D	0x3402 ;_TAKE_ON_ME_INTRO+241
0x056E	0x3408 ;_TAKE_ON_ME_INTRO+242
0x056F	0x3400 ;_TAKE_ON_ME_INTRO+243
0x0570	0x3493 ;_TAKE_ON_ME_INTRO+244
0x0571	0x3402 ;_TAKE_ON_ME_INTRO+245
0x0572	0x3408 ;_TAKE_ON_ME_INTRO+246
0x0573	0x3400 ;_TAKE_ON_ME_INTRO+247
0x0574	0x34E4 ;_TAKE_ON_ME_INTRO+248
0x0575	0x3402 ;_TAKE_ON_ME_INTRO+249
0x0576	0x3408 ;_TAKE_ON_ME_INTRO+250
0x0577	0x3400 ;_TAKE_ON_ME_INTRO+251
0x0578	0x3493 ;_TAKE_ON_ME_INTRO+252
0x0579	0x3402 ;_TAKE_ON_ME_INTRO+253
0x057A	0x3408 ;_TAKE_ON_ME_INTRO+254
0x057B	0x3400 ;_TAKE_ON_ME_INTRO+255
0x057C	0x34E4 ;_TAKE_ON_ME_INTRO+256
0x057D	0x3402 ;_TAKE_ON_ME_INTRO+257
0x057E	0x3408 ;_TAKE_ON_ME_INTRO+258
0x057F	0x3400 ;_TAKE_ON_ME_INTRO+259
0x0580	0x34E4 ;_TAKE_ON_ME_INTRO+260
0x0581	0x3402 ;_TAKE_ON_ME_INTRO+261
0x0582	0x3408 ;_TAKE_ON_ME_INTRO+262
0x0583	0x3400 ;_TAKE_ON_ME_INTRO+263
0x0584	0x344B ;_TAKE_ON_ME_INTRO+264
0x0585	0x3402 ;_TAKE_ON_ME_INTRO+265
0x0586	0x3408 ;_TAKE_ON_ME_INTRO+266
0x0587	0x3400 ;_TAKE_ON_ME_INTRO+267
0x0588	0x34EE ;_TAKE_ON_ME_INTRO+268
0x0589	0x3401 ;_TAKE_ON_ME_INTRO+269
0x058A	0x3408 ;_TAKE_ON_ME_INTRO+270
0x058B	0x3400 ;_TAKE_ON_ME_INTRO+271
0x058C	0x3401 ;_TAKE_ON_ME_INTRO+272
0x058D	0x3400 ;_TAKE_ON_ME_INTRO+273
0x058E	0x3408 ;_TAKE_ON_ME_INTRO+274
0x058F	0x3400 ;_TAKE_ON_ME_INTRO+275
0x0590	0x34EE ;_TAKE_ON_ME_INTRO+276
0x0591	0x3401 ;_TAKE_ON_ME_INTRO+277
0x0592	0x3408 ;_TAKE_ON_ME_INTRO+278
0x0593	0x3400 ;_TAKE_ON_ME_INTRO+279
0x0594	0x3401 ;_TAKE_ON_ME_INTRO+280
0x0595	0x3400 ;_TAKE_ON_ME_INTRO+281
0x0596	0x3408 ;_TAKE_ON_ME_INTRO+282
0x0597	0x3400 ;_TAKE_ON_ME_INTRO+283
0x0598	0x3493 ;_TAKE_ON_ME_INTRO+284
0x0599	0x3402 ;_TAKE_ON_ME_INTRO+285
0x059A	0x3408 ;_TAKE_ON_ME_INTRO+286
0x059B	0x3400 ;_TAKE_ON_ME_INTRO+287
0x059C	0x3401 ;_TAKE_ON_ME_INTRO+288
0x059D	0x3400 ;_TAKE_ON_ME_INTRO+289
0x059E	0x3408 ;_TAKE_ON_ME_INTRO+290
0x059F	0x3400 ;_TAKE_ON_ME_INTRO+291
0x05A0	0x3493 ;_TAKE_ON_ME_INTRO+292
0x05A1	0x3402 ;_TAKE_ON_ME_INTRO+293
0x05A2	0x3408 ;_TAKE_ON_ME_INTRO+294
0x05A3	0x3400 ;_TAKE_ON_ME_INTRO+295
0x05A4	0x3401 ;_TAKE_ON_ME_INTRO+296
0x05A5	0x3400 ;_TAKE_ON_ME_INTRO+297
0x05A6	0x3408 ;_TAKE_ON_ME_INTRO+298
0x05A7	0x3400 ;_TAKE_ON_ME_INTRO+299
0x05A8	0x3493 ;_TAKE_ON_ME_INTRO+300
0x05A9	0x3402 ;_TAKE_ON_ME_INTRO+301
0x05AA	0x3408 ;_TAKE_ON_ME_INTRO+302
0x05AB	0x3400 ;_TAKE_ON_ME_INTRO+303
0x05AC	0x343F ;_TAKE_ON_ME_INTRO+304
0x05AD	0x3403 ;_TAKE_ON_ME_INTRO+305
0x05AE	0x3408 ;_TAKE_ON_ME_INTRO+306
0x05AF	0x3400 ;_TAKE_ON_ME_INTRO+307
0x05B0	0x343F ;_TAKE_ON_ME_INTRO+308
0x05B1	0x3403 ;_TAKE_ON_ME_INTRO+309
0x05B2	0x3408 ;_TAKE_ON_ME_INTRO+310
0x05B3	0x3400 ;_TAKE_ON_ME_INTRO+311
0x05B4	0x3470 ;_TAKE_ON_ME_INTRO+312
0x05B5	0x3403 ;_TAKE_ON_ME_INTRO+313
0x05B6	0x3408 ;_TAKE_ON_ME_INTRO+314
0x05B7	0x3400 ;_TAKE_ON_ME_INTRO+315
0x05B8	0x34DC ;_TAKE_ON_ME_INTRO+316
0x05B9	0x3403 ;_TAKE_ON_ME_INTRO+317
0x05BA	0x3408 ;_TAKE_ON_ME_INTRO+318
0x05BB	0x3400 ;_TAKE_ON_ME_INTRO+319
0x05BC	0x3470 ;_TAKE_ON_ME_INTRO+320
0x05BD	0x3403 ;_TAKE_ON_ME_INTRO+321
0x05BE	0x3408 ;_TAKE_ON_ME_INTRO+322
0x05BF	0x3400 ;_TAKE_ON_ME_INTRO+323
0x05C0	0x3470 ;_TAKE_ON_ME_INTRO+324
0x05C1	0x3403 ;_TAKE_ON_ME_INTRO+325
0x05C2	0x3408 ;_TAKE_ON_ME_INTRO+326
0x05C3	0x3400 ;_TAKE_ON_ME_INTRO+327
0x05C4	0x3470 ;_TAKE_ON_ME_INTRO+328
0x05C5	0x3403 ;_TAKE_ON_ME_INTRO+329
0x05C6	0x3408 ;_TAKE_ON_ME_INTRO+330
0x05C7	0x3400 ;_TAKE_ON_ME_INTRO+331
0x05C8	0x3493 ;_TAKE_ON_ME_INTRO+332
0x05C9	0x3402 ;_TAKE_ON_ME_INTRO+333
0x05CA	0x3408 ;_TAKE_ON_ME_INTRO+334
0x05CB	0x3400 ;_TAKE_ON_ME_INTRO+335
0x05CC	0x3401 ;_TAKE_ON_ME_INTRO+336
0x05CD	0x3400 ;_TAKE_ON_ME_INTRO+337
0x05CE	0x3408 ;_TAKE_ON_ME_INTRO+338
0x05CF	0x3400 ;_TAKE_ON_ME_INTRO+339
0x05D0	0x344B ;_TAKE_ON_ME_INTRO+340
0x05D1	0x3402 ;_TAKE_ON_ME_INTRO+341
0x05D2	0x3408 ;_TAKE_ON_ME_INTRO+342
0x05D3	0x3400 ;_TAKE_ON_ME_INTRO+343
0x05D4	0x3401 ;_TAKE_ON_ME_INTRO+344
0x05D5	0x3400 ;_TAKE_ON_ME_INTRO+345
0x05D6	0x3408 ;_TAKE_ON_ME_INTRO+346
0x05D7	0x3400 ;_TAKE_ON_ME_INTRO+347
0x05D8	0x34E4 ;_TAKE_ON_ME_INTRO+348
0x05D9	0x3402 ;_TAKE_ON_ME_INTRO+349
0x05DA	0x3408 ;_TAKE_ON_ME_INTRO+350
0x05DB	0x3400 ;_TAKE_ON_ME_INTRO+351
0x05DC	0x3401 ;_TAKE_ON_ME_INTRO+352
0x05DD	0x3400 ;_TAKE_ON_ME_INTRO+353
0x05DE	0x3408 ;_TAKE_ON_ME_INTRO+354
0x05DF	0x3400 ;_TAKE_ON_ME_INTRO+355
0x05E0	0x34E4 ;_TAKE_ON_ME_INTRO+356
0x05E1	0x3402 ;_TAKE_ON_ME_INTRO+357
0x05E2	0x3408 ;_TAKE_ON_ME_INTRO+358
0x05E3	0x3400 ;_TAKE_ON_ME_INTRO+359
0x05E4	0x3401 ;_TAKE_ON_ME_INTRO+360
0x05E5	0x3400 ;_TAKE_ON_ME_INTRO+361
0x05E6	0x3408 ;_TAKE_ON_ME_INTRO+362
0x05E7	0x3400 ;_TAKE_ON_ME_INTRO+363
0x05E8	0x34E4 ;_TAKE_ON_ME_INTRO+364
0x05E9	0x3402 ;_TAKE_ON_ME_INTRO+365
0x05EA	0x3408 ;_TAKE_ON_ME_INTRO+366
0x05EB	0x3400 ;_TAKE_ON_ME_INTRO+367
0x05EC	0x3493 ;_TAKE_ON_ME_INTRO+368
0x05ED	0x3402 ;_TAKE_ON_ME_INTRO+369
0x05EE	0x3408 ;_TAKE_ON_ME_INTRO+370
0x05EF	0x3400 ;_TAKE_ON_ME_INTRO+371
0x05F0	0x3493 ;_TAKE_ON_ME_INTRO+372
0x05F1	0x3402 ;_TAKE_ON_ME_INTRO+373
0x05F2	0x3408 ;_TAKE_ON_ME_INTRO+374
0x05F3	0x3400 ;_TAKE_ON_ME_INTRO+375
0x05F4	0x34E4 ;_TAKE_ON_ME_INTRO+376
0x05F5	0x3402 ;_TAKE_ON_ME_INTRO+377
0x05F6	0x3408 ;_TAKE_ON_ME_INTRO+378
0x05F7	0x3400 ;_TAKE_ON_ME_INTRO+379
0x05F8	0x3493 ;_TAKE_ON_ME_INTRO+380
0x05F9	0x3402 ;_TAKE_ON_ME_INTRO+381
0x05FA	0x3408 ;_TAKE_ON_ME_INTRO+382
0x05FB	0x3400 ;_TAKE_ON_ME_INTRO+383
; end of _TAKE_ON_ME_INTRO
;MusicMachineSongs.c,10 :: _TETRIS
0x05FC	0x3493 ;_TETRIS+0
0x05FD	0x3402 ;_TETRIS+1
0x05FE	0x3404 ;_TETRIS+2
0x05FF	0x3400 ;_TETRIS+3
0x0600	0x34EE ;_TETRIS+4
0x0601	0x3401 ;_TETRIS+5
0x0602	0x3408 ;_TETRIS+6
0x0603	0x3400 ;_TETRIS+7
0x0604	0x340B ;_TETRIS+8
0x0605	0x3402 ;_TETRIS+9
0x0606	0x3408 ;_TETRIS+10
0x0607	0x3400 ;_TETRIS+11
0x0608	0x344B ;_TETRIS+12
0x0609	0x3402 ;_TETRIS+13
0x060A	0x3404 ;_TETRIS+14
0x060B	0x3400 ;_TETRIS+15
0x060C	0x340B ;_TETRIS+16
0x060D	0x3402 ;_TETRIS+17
0x060E	0x3408 ;_TETRIS+18
0x060F	0x3400 ;_TETRIS+19
0x0610	0x34EE ;_TETRIS+20
0x0611	0x3401 ;_TETRIS+21
0x0612	0x3408 ;_TETRIS+22
0x0613	0x3400 ;_TETRIS+23
0x0614	0x34B8 ;_TETRIS+24
0x0615	0x3401 ;_TETRIS+25
0x0616	0x3404 ;_TETRIS+26
0x0617	0x3400 ;_TETRIS+27
0x0618	0x34B8 ;_TETRIS+28
0x0619	0x3401 ;_TETRIS+29
0x061A	0x3408 ;_TETRIS+30
0x061B	0x3400 ;_TETRIS+31
0x061C	0x340B ;_TETRIS+32
0x061D	0x3402 ;_TETRIS+33
0x061E	0x3408 ;_TETRIS+34
0x061F	0x3400 ;_TETRIS+35
0x0620	0x3493 ;_TETRIS+36
0x0621	0x3402 ;_TETRIS+37
0x0622	0x3404 ;_TETRIS+38
0x0623	0x3400 ;_TETRIS+39
0x0624	0x344B ;_TETRIS+40
0x0625	0x3402 ;_TETRIS+41
0x0626	0x3408 ;_TETRIS+42
0x0627	0x3400 ;_TETRIS+43
0x0628	0x340B ;_TETRIS+44
0x0629	0x3402 ;_TETRIS+45
0x062A	0x3408 ;_TETRIS+46
0x062B	0x3400 ;_TETRIS+47
0x062C	0x34EE ;_TETRIS+48
0x062D	0x3401 ;_TETRIS+49
0x062E	0x34FC ;_TETRIS+50
0x062F	0x34FF ;_TETRIS+51
0x0630	0x340B ;_TETRIS+52
0x0631	0x3402 ;_TETRIS+53
0x0632	0x3408 ;_TETRIS+54
0x0633	0x3400 ;_TETRIS+55
0x0634	0x344B ;_TETRIS+56
0x0635	0x3402 ;_TETRIS+57
0x0636	0x3404 ;_TETRIS+58
0x0637	0x3400 ;_TETRIS+59
0x0638	0x3493 ;_TETRIS+60
0x0639	0x3402 ;_TETRIS+61
0x063A	0x3404 ;_TETRIS+62
0x063B	0x3400 ;_TETRIS+63
0x063C	0x340B ;_TETRIS+64
0x063D	0x3402 ;_TETRIS+65
0x063E	0x3404 ;_TETRIS+66
0x063F	0x3400 ;_TETRIS+67
0x0640	0x34B8 ;_TETRIS+68
0x0641	0x3401 ;_TETRIS+69
0x0642	0x3404 ;_TETRIS+70
0x0643	0x3400 ;_TETRIS+71
0x0644	0x34B8 ;_TETRIS+72
0x0645	0x3401 ;_TETRIS+73
0x0646	0x3404 ;_TETRIS+74
0x0647	0x3400 ;_TETRIS+75
0x0648	0x34EE ;_TETRIS+76
0x0649	0x3401 ;_TETRIS+77
0x064A	0x3408 ;_TETRIS+78
0x064B	0x3400 ;_TETRIS+79
0x064C	0x340B ;_TETRIS+80
0x064D	0x3402 ;_TETRIS+81
0x064E	0x3404 ;_TETRIS+82
0x064F	0x3400 ;_TETRIS+83
0x0650	0x344B ;_TETRIS+84
0x0651	0x3402 ;_TETRIS+85
0x0652	0x3404 ;_TETRIS+86
0x0653	0x3400 ;_TETRIS+87
0x0654	0x34BA ;_TETRIS+88
0x0655	0x3402 ;_TETRIS+89
0x0656	0x3408 ;_TETRIS+90
0x0657	0x3400 ;_TETRIS+91
0x0658	0x3470 ;_TETRIS+92
0x0659	0x3403 ;_TETRIS+93
0x065A	0x3404 ;_TETRIS+94
0x065B	0x3400 ;_TETRIS+95
0x065C	0x3410 ;_TETRIS+96
0x065D	0x3403 ;_TETRIS+97
0x065E	0x3408 ;_TETRIS+98
0x065F	0x3400 ;_TETRIS+99
0x0660	0x34BA ;_TETRIS+100
0x0661	0x3402 ;_TETRIS+101
0x0662	0x3408 ;_TETRIS+102
0x0663	0x3400 ;_TETRIS+103
0x0664	0x3493 ;_TETRIS+104
0x0665	0x3402 ;_TETRIS+105
0x0666	0x34FC ;_TETRIS+106
0x0667	0x34FF ;_TETRIS+107
0x0668	0x340B ;_TETRIS+108
0x0669	0x3402 ;_TETRIS+109
0x066A	0x3408 ;_TETRIS+110
0x066B	0x3400 ;_TETRIS+111
0x066C	0x3493 ;_TETRIS+112
0x066D	0x3402 ;_TETRIS+113
0x066E	0x3404 ;_TETRIS+114
0x066F	0x3400 ;_TETRIS+115
0x0670	0x344B ;_TETRIS+116
0x0671	0x3402 ;_TETRIS+117
0x0672	0x3408 ;_TETRIS+118
0x0673	0x3400 ;_TETRIS+119
0x0674	0x340B ;_TETRIS+120
0x0675	0x3402 ;_TETRIS+121
0x0676	0x3408 ;_TETRIS+122
0x0677	0x3400 ;_TETRIS+123
0x0678	0x34EE ;_TETRIS+124
0x0679	0x3401 ;_TETRIS+125
0x067A	0x3404 ;_TETRIS+126
0x067B	0x3400 ;_TETRIS+127
0x067C	0x34EE ;_TETRIS+128
0x067D	0x3401 ;_TETRIS+129
0x067E	0x3408 ;_TETRIS+130
0x067F	0x3400 ;_TETRIS+131
0x0680	0x340B ;_TETRIS+132
0x0681	0x3402 ;_TETRIS+133
0x0682	0x3408 ;_TETRIS+134
0x0683	0x3400 ;_TETRIS+135
0x0684	0x344B ;_TETRIS+136
0x0685	0x3402 ;_TETRIS+137
0x0686	0x3404 ;_TETRIS+138
0x0687	0x3400 ;_TETRIS+139
0x0688	0x3493 ;_TETRIS+140
0x0689	0x3402 ;_TETRIS+141
0x068A	0x3404 ;_TETRIS+142
0x068B	0x3400 ;_TETRIS+143
0x068C	0x340B ;_TETRIS+144
0x068D	0x3402 ;_TETRIS+145
0x068E	0x3404 ;_TETRIS+146
0x068F	0x3400 ;_TETRIS+147
0x0690	0x34B8 ;_TETRIS+148
0x0691	0x3401 ;_TETRIS+149
0x0692	0x3404 ;_TETRIS+150
0x0693	0x3400 ;_TETRIS+151
0x0694	0x34B8 ;_TETRIS+152
0x0695	0x3401 ;_TETRIS+153
0x0696	0x3402 ;_TETRIS+154
0x0697	0x3400 ;_TETRIS+155
0x0698	0x3493 ;_TETRIS+156
0x0699	0x3402 ;_TETRIS+157
0x069A	0x3402 ;_TETRIS+158
0x069B	0x3400 ;_TETRIS+159
0x069C	0x340B ;_TETRIS+160
0x069D	0x3402 ;_TETRIS+161
0x069E	0x3402 ;_TETRIS+162
0x069F	0x3400 ;_TETRIS+163
0x06A0	0x344B ;_TETRIS+164
0x06A1	0x3402 ;_TETRIS+165
0x06A2	0x3402 ;_TETRIS+166
0x06A3	0x3400 ;_TETRIS+167
0x06A4	0x34EE ;_TETRIS+168
0x06A5	0x3401 ;_TETRIS+169
0x06A6	0x3402 ;_TETRIS+170
0x06A7	0x3400 ;_TETRIS+171
0x06A8	0x340B ;_TETRIS+172
0x06A9	0x3402 ;_TETRIS+173
0x06AA	0x3402 ;_TETRIS+174
0x06AB	0x3400 ;_TETRIS+175
0x06AC	0x34B8 ;_TETRIS+176
0x06AD	0x3401 ;_TETRIS+177
0x06AE	0x3402 ;_TETRIS+178
0x06AF	0x3400 ;_TETRIS+179
0x06B0	0x349F ;_TETRIS+180
0x06B1	0x3401 ;_TETRIS+181
0x06B2	0x3402 ;_TETRIS+182
0x06B3	0x3400 ;_TETRIS+183
0x06B4	0x34EE ;_TETRIS+184
0x06B5	0x3401 ;_TETRIS+185
0x06B6	0x3402 ;_TETRIS+186
0x06B7	0x3400 ;_TETRIS+187
0x06B8	0x3493 ;_TETRIS+188
0x06B9	0x3402 ;_TETRIS+189
0x06BA	0x3402 ;_TETRIS+190
0x06BB	0x3400 ;_TETRIS+191
0x06BC	0x340B ;_TETRIS+192
0x06BD	0x3402 ;_TETRIS+193
0x06BE	0x3402 ;_TETRIS+194
0x06BF	0x3400 ;_TETRIS+195
0x06C0	0x344B ;_TETRIS+196
0x06C1	0x3402 ;_TETRIS+197
0x06C2	0x3402 ;_TETRIS+198
0x06C3	0x3400 ;_TETRIS+199
0x06C4	0x34EE ;_TETRIS+200
0x06C5	0x3401 ;_TETRIS+201
0x06C6	0x3402 ;_TETRIS+202
0x06C7	0x3400 ;_TETRIS+203
0x06C8	0x340B ;_TETRIS+204
0x06C9	0x3402 ;_TETRIS+205
0x06CA	0x3404 ;_TETRIS+206
0x06CB	0x3400 ;_TETRIS+207
0x06CC	0x3493 ;_TETRIS+208
0x06CD	0x3402 ;_TETRIS+209
0x06CE	0x3404 ;_TETRIS+210
0x06CF	0x3400 ;_TETRIS+211
0x06D0	0x3470 ;_TETRIS+212
0x06D1	0x3403 ;_TETRIS+213
0x06D2	0x3402 ;_TETRIS+214
0x06D3	0x3400 ;_TETRIS+215
0x06D4	0x343F ;_TETRIS+216
0x06D5	0x3403 ;_TETRIS+217
0x06D6	0x3402 ;_TETRIS+218
0x06D7	0x3400 ;_TETRIS+219
; end of _TETRIS
;MusicMachineSongs.c,50 :: _HAPPY_BIRTHDAY
0x06D8	0x3406 ;_HAPPY_BIRTHDAY+0
0x06D9	0x3401 ;_HAPPY_BIRTHDAY+1
0x06DA	0x3404 ;_HAPPY_BIRTHDAY+2
0x06DB	0x3400 ;_HAPPY_BIRTHDAY+3
0x06DC	0x3406 ;_HAPPY_BIRTHDAY+4
0x06DD	0x3401 ;_HAPPY_BIRTHDAY+5
0x06DE	0x3408 ;_HAPPY_BIRTHDAY+6
0x06DF	0x3400 ;_HAPPY_BIRTHDAY+7
0x06E0	0x3426 ;_HAPPY_BIRTHDAY+8
0x06E1	0x3401 ;_HAPPY_BIRTHDAY+9
0x06E2	0x34FC ;_HAPPY_BIRTHDAY+10
0x06E3	0x34FF ;_HAPPY_BIRTHDAY+11
0x06E4	0x3406 ;_HAPPY_BIRTHDAY+12
0x06E5	0x3401 ;_HAPPY_BIRTHDAY+13
0x06E6	0x34FC ;_HAPPY_BIRTHDAY+14
0x06E7	0x34FF ;_HAPPY_BIRTHDAY+15
0x06E8	0x345D ;_HAPPY_BIRTHDAY+16
0x06E9	0x3401 ;_HAPPY_BIRTHDAY+17
0x06EA	0x34FC ;_HAPPY_BIRTHDAY+18
0x06EB	0x34FF ;_HAPPY_BIRTHDAY+19
0x06EC	0x344A ;_HAPPY_BIRTHDAY+20
0x06ED	0x3401 ;_HAPPY_BIRTHDAY+21
0x06EE	0x34FE ;_HAPPY_BIRTHDAY+22
0x06EF	0x34FF ;_HAPPY_BIRTHDAY+23
0x06F0	0x3406 ;_HAPPY_BIRTHDAY+24
0x06F1	0x3401 ;_HAPPY_BIRTHDAY+25
0x06F2	0x3404 ;_HAPPY_BIRTHDAY+26
0x06F3	0x3400 ;_HAPPY_BIRTHDAY+27
0x06F4	0x3406 ;_HAPPY_BIRTHDAY+28
0x06F5	0x3401 ;_HAPPY_BIRTHDAY+29
0x06F6	0x3408 ;_HAPPY_BIRTHDAY+30
0x06F7	0x3400 ;_HAPPY_BIRTHDAY+31
0x06F8	0x3426 ;_HAPPY_BIRTHDAY+32
0x06F9	0x3401 ;_HAPPY_BIRTHDAY+33
0x06FA	0x34FC ;_HAPPY_BIRTHDAY+34
0x06FB	0x34FF ;_HAPPY_BIRTHDAY+35
0x06FC	0x3406 ;_HAPPY_BIRTHDAY+36
0x06FD	0x3401 ;_HAPPY_BIRTHDAY+37
0x06FE	0x34FC ;_HAPPY_BIRTHDAY+38
0x06FF	0x34FF ;_HAPPY_BIRTHDAY+39
0x0700	0x3488 ;_HAPPY_BIRTHDAY+40
0x0701	0x3401 ;_HAPPY_BIRTHDAY+41
0x0702	0x34FC ;_HAPPY_BIRTHDAY+42
0x0703	0x34FF ;_HAPPY_BIRTHDAY+43
0x0704	0x345D ;_HAPPY_BIRTHDAY+44
0x0705	0x3401 ;_HAPPY_BIRTHDAY+45
0x0706	0x34FE ;_HAPPY_BIRTHDAY+46
0x0707	0x34FF ;_HAPPY_BIRTHDAY+47
0x0708	0x3406 ;_HAPPY_BIRTHDAY+48
0x0709	0x3401 ;_HAPPY_BIRTHDAY+49
0x070A	0x3404 ;_HAPPY_BIRTHDAY+50
0x070B	0x3400 ;_HAPPY_BIRTHDAY+51
0x070C	0x3406 ;_HAPPY_BIRTHDAY+52
0x070D	0x3401 ;_HAPPY_BIRTHDAY+53
0x070E	0x3408 ;_HAPPY_BIRTHDAY+54
0x070F	0x3400 ;_HAPPY_BIRTHDAY+55
0x0710	0x340B ;_HAPPY_BIRTHDAY+56
0x0711	0x3402 ;_HAPPY_BIRTHDAY+57
0x0712	0x34FC ;_HAPPY_BIRTHDAY+58
0x0713	0x34FF ;_HAPPY_BIRTHDAY+59
0x0714	0x34B8 ;_HAPPY_BIRTHDAY+60
0x0715	0x3401 ;_HAPPY_BIRTHDAY+61
0x0716	0x34FC ;_HAPPY_BIRTHDAY+62
0x0717	0x34FF ;_HAPPY_BIRTHDAY+63
0x0718	0x345D ;_HAPPY_BIRTHDAY+64
0x0719	0x3401 ;_HAPPY_BIRTHDAY+65
0x071A	0x34FC ;_HAPPY_BIRTHDAY+66
0x071B	0x34FF ;_HAPPY_BIRTHDAY+67
0x071C	0x344A ;_HAPPY_BIRTHDAY+68
0x071D	0x3401 ;_HAPPY_BIRTHDAY+69
0x071E	0x34FC ;_HAPPY_BIRTHDAY+70
0x071F	0x34FF ;_HAPPY_BIRTHDAY+71
0x0720	0x3426 ;_HAPPY_BIRTHDAY+72
0x0721	0x3401 ;_HAPPY_BIRTHDAY+73
0x0722	0x34FC ;_HAPPY_BIRTHDAY+74
0x0723	0x34FF ;_HAPPY_BIRTHDAY+75
0x0724	0x34D2 ;_HAPPY_BIRTHDAY+76
0x0725	0x3401 ;_HAPPY_BIRTHDAY+77
0x0726	0x3404 ;_HAPPY_BIRTHDAY+78
0x0727	0x3400 ;_HAPPY_BIRTHDAY+79
0x0728	0x34D2 ;_HAPPY_BIRTHDAY+80
0x0729	0x3401 ;_HAPPY_BIRTHDAY+81
0x072A	0x3408 ;_HAPPY_BIRTHDAY+82
0x072B	0x3400 ;_HAPPY_BIRTHDAY+83
0x072C	0x34B8 ;_HAPPY_BIRTHDAY+84
0x072D	0x3401 ;_HAPPY_BIRTHDAY+85
0x072E	0x34FC ;_HAPPY_BIRTHDAY+86
0x072F	0x34FF ;_HAPPY_BIRTHDAY+87
0x0730	0x345D ;_HAPPY_BIRTHDAY+88
0x0731	0x3401 ;_HAPPY_BIRTHDAY+89
0x0732	0x34FC ;_HAPPY_BIRTHDAY+90
0x0733	0x34FF ;_HAPPY_BIRTHDAY+91
0x0734	0x3488 ;_HAPPY_BIRTHDAY+92
0x0735	0x3401 ;_HAPPY_BIRTHDAY+93
0x0736	0x34FC ;_HAPPY_BIRTHDAY+94
0x0737	0x34FF ;_HAPPY_BIRTHDAY+95
0x0738	0x345D ;_HAPPY_BIRTHDAY+96
0x0739	0x3401 ;_HAPPY_BIRTHDAY+97
0x073A	0x34FE ;_HAPPY_BIRTHDAY+98
0x073B	0x34FF ;_HAPPY_BIRTHDAY+99
; end of _HAPPY_BIRTHDAY
Symbol List:
//** Routines locations **
//ADDRESS    SIZE    PROCEDURE
//----------------------------------------------
0x0003      [19]    _Delay_Cyc
0x0016      [29]    _Div_16X16_U
0x0033     [376]    _Div_32x32_U
0x01AB      [55]    _Mul_32x32_U
0x01E2       [9]    _Get_Fosc_kHz
0x01EB      [44]    _Div_16x16_S_L
0x0217     [105]    _Div_16x16_S
0x0280      [43]    _Mul_16X16_U
0x02AB      [29]    _Sound_Init
0x02C8     [209]    _Sound_Play
0x0399       [7]    _____DoICP
0x03A0     [157]    _reproducir_cancion
0x043D      [10]    _configurar_pines
0x0447      [53]    _main
//** Variables locations ** 
//ADDRESS    SIZE    VARIABLE
//----------------------------------------------
0x0000       [1]    INDF
0x0002       [1]    PCL
0x0003       [1]    STATUS
0x0004       [1]    FSR
0x0007       [1]    PORTC
0x000A       [1]    PCLATH
0x0020       [1]    ___math_tempb
0x0021       [1]    __Lib_Sound_pinMask1
0x0022       [1]    __Lib_Sound_pinMask0
0x0023       [1]    __Lib_Sound_soundPortAddr
0x0024       [2]    ___DoICPAddr
0x0026       [1]    FLOC__main
0x0027       [2]    FARG_reproducir_cancion_cancion
0x0029       [1]    FARG_reproducir_cancion_cantidad_notas
0x002A       [2]    reproducir_cancion_div_tempo_L0
0x002C       [2]    reproducir_cancion_mult_tempo_L0
0x002E       [2]    reproducir_cancion_i_L0
0x0030       [1]    FARG_Sound_Init_snd_port
0x0030       [2]    FARG_Sound_Play_freq_in_hz
0x0031       [1]    FARG_Sound_Init_snd_pin
0x0032       [2]    FARG_Sound_Play_duration_ms
0x0034       [2]    Sound_Play_nc_L0
0x0036       [2]    Sound_Play_i_L0
0x0038       [4]    Sound_Play_per_nc_L0
0x003C       [1]    FARG_Delay_Cyc_cycles_div_by_10
0x0070       [1]    R0
0x0071       [1]    R1
0x0072       [1]    R2
0x0073       [1]    R3
0x0074       [1]    R4
0x0075       [1]    R5
0x0076       [1]    R6
0x0077       [1]    R7
0x0078       [1]    R8
0x0079       [1]    R9
0x007A       [1]    R10
0x007B       [1]    R11
0x007C       [1]    R12
0x007D       [1]    R13
0x007E       [1]    R14
0x007F       [1]    R15
0x0087       [1]    TRISC
//** Constants locations ** 
//ADDRESS    SIZE    CONSTANT
//----------------------------------------------
0x047C     [384]    _TAKE_ON_ME_INTRO
0x05FC     [220]    _TETRIS
0x06D8     [100]    _HAPPY_BIRTHDAY
